  [1m[35m (0.1ms)[0m  [1m[34mSELECT sqlite_version(*)[0m
  ↳ bin/rails:9
  [1m[35m (30.0ms)[0m  [1m[35mCREATE TABLE "schema_migrations" ("version" varchar NOT NULL PRIMARY KEY)[0m
  ↳ bin/rails:9
  [1m[35m (30.6ms)[0m  [1m[35mCREATE TABLE "ar_internal_metadata" ("key" varchar NOT NULL PRIMARY KEY, "value" varchar, "created_at" datetime NOT NULL, "updated_at" datetime NOT NULL)[0m
  ↳ bin/rails:9
  [1m[35m (0.1ms)[0m  [1m[34mSELECT "schema_migrations"."version" FROM "schema_migrations" ORDER BY "schema_migrations"."version" ASC[0m
  ↳ bin/rails:9
Migrating to CreateUsers (20181024192900)
  [1m[35m (0.0ms)[0m  [1m[36mbegin transaction[0m
  ↳ bin/rails:9
  [1m[35m (0.3ms)[0m  [1m[35mCREATE TABLE "users" ("id" integer PRIMARY KEY AUTOINCREMENT NOT NULL, "first_name" varchar, "last_name" varchar, "email" varchar, "created_at" datetime NOT NULL, "updated_at" datetime NOT NULL)[0m
  ↳ db/migrate/20181024192900_create_users.rb:3
  [1m[36mActiveRecord::SchemaMigration Create (0.1ms)[0m  [1m[32mINSERT INTO "schema_migrations" ("version") VALUES (?)[0m  [["version", "20181024192900"]]
  ↳ bin/rails:9
  [1m[35m (31.9ms)[0m  [1m[36mcommit transaction[0m
  ↳ bin/rails:9
Migrating to CreateArticles (20181024193044)
  [1m[35m (0.1ms)[0m  [1m[36mbegin transaction[0m
  ↳ bin/rails:9
  [1m[35m (0.3ms)[0m  [1m[35mCREATE TABLE "articles" ("id" integer PRIMARY KEY AUTOINCREMENT NOT NULL, "title" varchar, "content" text, "user_id" integer, "created_at" datetime NOT NULL, "updated_at" datetime NOT NULL)[0m
  ↳ db/migrate/20181024193044_create_articles.rb:3
  [1m[35m (0.2ms)[0m  [1m[35mCREATE  INDEX "index_articles_on_user_id" ON "articles" ("user_id")[0m
  ↳ db/migrate/20181024193044_create_articles.rb:3
  [1m[36mActiveRecord::SchemaMigration Create (0.3ms)[0m  [1m[32mINSERT INTO "schema_migrations" ("version") VALUES (?)[0m  [["version", "20181024193044"]]
  ↳ bin/rails:9
  [1m[35m (35.2ms)[0m  [1m[36mcommit transaction[0m
  ↳ bin/rails:9
  [1m[36mActiveRecord::InternalMetadata Load (0.3ms)[0m  [1m[34mSELECT  "ar_internal_metadata".* FROM "ar_internal_metadata" WHERE "ar_internal_metadata"."key" = ? LIMIT ?[0m  [["key", "environment"], ["LIMIT", 1]]
  ↳ bin/rails:9
  [1m[35m (0.0ms)[0m  [1m[36mbegin transaction[0m
  ↳ bin/rails:9
  [1m[36mActiveRecord::InternalMetadata Create (0.2ms)[0m  [1m[32mINSERT INTO "ar_internal_metadata" ("key", "value", "created_at", "updated_at") VALUES (?, ?, ?, ?)[0m  [["key", "environment"], ["value", "development"], ["created_at", "2018-10-24 20:06:35.224316"], ["updated_at", "2018-10-24 20:06:35.224316"]]
  ↳ bin/rails:9
  [1m[35m (26.0ms)[0m  [1m[36mcommit transaction[0m
  ↳ bin/rails:9
  [1m[35m (0.2ms)[0m  [1m[34mSELECT "schema_migrations"."version" FROM "schema_migrations" ORDER BY "schema_migrations"."version" ASC[0m
  ↳ bin/rails:9
  [1m[35m (0.1ms)[0m  [1m[34mSELECT "schema_migrations"."version" FROM "schema_migrations" ORDER BY "schema_migrations"."version" ASC[0m
  ↳ bin/rails:9
  [1m[35m (0.1ms)[0m  [1m[34mSELECT "schema_migrations"."version" FROM "schema_migrations" ORDER BY "schema_migrations"."version" ASC[0m
  ↳ bin/rails:9
  [1m[35m (0.1ms)[0m  [1m[34mSELECT "schema_migrations"."version" FROM "schema_migrations" ORDER BY "schema_migrations"."version" ASC[0m
  ↳ bin/rails:9
  [1m[35m (0.1ms)[0m  [1m[34mSELECT "schema_migrations"."version" FROM "schema_migrations" ORDER BY "schema_migrations"."version" ASC[0m
  ↳ bin/rails:9
  [1m[35m (0.0ms)[0m  [1m[36mbegin transaction[0m
  ↳ db/seeds.rb:12
  [1m[36mUser Create (0.2ms)[0m  [1m[32mINSERT INTO "users" ("first_name", "last_name", "email", "created_at", "updated_at") VALUES (?, ?, ?, ?, ?)[0m  [["first_name", "Edward"], ["last_name", "D'Amore"], ["email", "EdwardD'Amore@example.com"], ["created_at", "2018-10-24 20:09:48.058401"], ["updated_at", "2018-10-24 20:09:48.058401"]]
  ↳ db/seeds.rb:12
  [1m[35m (26.8ms)[0m  [1m[36mcommit transaction[0m
  ↳ db/seeds.rb:12
  [1m[35m (0.1ms)[0m  [1m[36mbegin transaction[0m
  ↳ db/seeds.rb:12
  [1m[36mUser Create (0.2ms)[0m  [1m[32mINSERT INTO "users" ("first_name", "last_name", "email", "created_at", "updated_at") VALUES (?, ?, ?, ?, ?)[0m  [["first_name", "Edward"], ["last_name", "D'Amore"], ["email", "EdwardD'Amore@example.com"], ["created_at", "2018-10-24 20:09:48.087307"], ["updated_at", "2018-10-24 20:09:48.087307"]]
  ↳ db/seeds.rb:12
  [1m[35m (25.7ms)[0m  [1m[36mcommit transaction[0m
  ↳ db/seeds.rb:12
  [1m[35m (0.1ms)[0m  [1m[36mbegin transaction[0m
  ↳ db/seeds.rb:12
  [1m[36mUser Create (0.2ms)[0m  [1m[32mINSERT INTO "users" ("first_name", "last_name", "email", "created_at", "updated_at") VALUES (?, ?, ?, ?, ?)[0m  [["first_name", "Edward"], ["last_name", "D'Amore"], ["email", "EdwardD'Amore@example.com"], ["created_at", "2018-10-24 20:09:48.114887"], ["updated_at", "2018-10-24 20:09:48.114887"]]
  ↳ db/seeds.rb:12
  [1m[35m (28.1ms)[0m  [1m[36mcommit transaction[0m
  ↳ db/seeds.rb:12
  [1m[35m (0.1ms)[0m  [1m[36mbegin transaction[0m
  ↳ db/seeds.rb:12
  [1m[36mUser Create (0.4ms)[0m  [1m[32mINSERT INTO "users" ("first_name", "last_name", "email", "created_at", "updated_at") VALUES (?, ?, ?, ?, ?)[0m  [["first_name", "Edward"], ["last_name", "D'Amore"], ["email", "EdwardD'Amore@example.com"], ["created_at", "2018-10-24 20:09:48.145259"], ["updated_at", "2018-10-24 20:09:48.145259"]]
  ↳ db/seeds.rb:12
  [1m[35m (27.6ms)[0m  [1m[36mcommit transaction[0m
  ↳ db/seeds.rb:12
  [1m[35m (0.1ms)[0m  [1m[36mbegin transaction[0m
  ↳ db/seeds.rb:12
  [1m[36mUser Create (0.5ms)[0m  [1m[32mINSERT INTO "users" ("first_name", "last_name", "email", "created_at", "updated_at") VALUES (?, ?, ?, ?, ?)[0m  [["first_name", "Edward"], ["last_name", "D'Amore"], ["email", "EdwardD'Amore@example.com"], ["created_at", "2018-10-24 20:09:48.175863"], ["updated_at", "2018-10-24 20:09:48.175863"]]
  ↳ db/seeds.rb:12
  [1m[35m (26.6ms)[0m  [1m[36mcommit transaction[0m
  ↳ db/seeds.rb:12
  [1m[35m (0.1ms)[0m  [1m[36mbegin transaction[0m
  ↳ db/seeds.rb:12
  [1m[36mUser Create (0.5ms)[0m  [1m[32mINSERT INTO "users" ("first_name", "last_name", "email", "created_at", "updated_at") VALUES (?, ?, ?, ?, ?)[0m  [["first_name", "Edward"], ["last_name", "D'Amore"], ["email", "EdwardD'Amore@example.com"], ["created_at", "2018-10-24 20:09:48.205976"], ["updated_at", "2018-10-24 20:09:48.205976"]]
  ↳ db/seeds.rb:12
  [1m[35m (26.5ms)[0m  [1m[36mcommit transaction[0m
  ↳ db/seeds.rb:12
  [1m[35m (0.1ms)[0m  [1m[36mbegin transaction[0m
  ↳ db/seeds.rb:12
  [1m[36mUser Create (0.5ms)[0m  [1m[32mINSERT INTO "users" ("first_name", "last_name", "email", "created_at", "updated_at") VALUES (?, ?, ?, ?, ?)[0m  [["first_name", "Edward"], ["last_name", "D'Amore"], ["email", "EdwardD'Amore@example.com"], ["created_at", "2018-10-24 20:09:48.236030"], ["updated_at", "2018-10-24 20:09:48.236030"]]
  ↳ db/seeds.rb:12
  [1m[35m (26.4ms)[0m  [1m[36mcommit transaction[0m
  ↳ db/seeds.rb:12
  [1m[35m (0.1ms)[0m  [1m[36mbegin transaction[0m
  ↳ db/seeds.rb:12
  [1m[36mUser Create (0.5ms)[0m  [1m[32mINSERT INTO "users" ("first_name", "last_name", "email", "created_at", "updated_at") VALUES (?, ?, ?, ?, ?)[0m  [["first_name", "Edward"], ["last_name", "D'Amore"], ["email", "EdwardD'Amore@example.com"], ["created_at", "2018-10-24 20:09:48.265895"], ["updated_at", "2018-10-24 20:09:48.265895"]]
  ↳ db/seeds.rb:12
  [1m[35m (26.2ms)[0m  [1m[36mcommit transaction[0m
  ↳ db/seeds.rb:12
  [1m[35m (0.1ms)[0m  [1m[36mbegin transaction[0m
  ↳ db/seeds.rb:12
  [1m[36mUser Create (0.4ms)[0m  [1m[32mINSERT INTO "users" ("first_name", "last_name", "email", "created_at", "updated_at") VALUES (?, ?, ?, ?, ?)[0m  [["first_name", "Edward"], ["last_name", "D'Amore"], ["email", "EdwardD'Amore@example.com"], ["created_at", "2018-10-24 20:09:48.295302"], ["updated_at", "2018-10-24 20:09:48.295302"]]
  ↳ db/seeds.rb:12
  [1m[35m (27.0ms)[0m  [1m[36mcommit transaction[0m
  ↳ db/seeds.rb:12
  [1m[35m (0.1ms)[0m  [1m[36mbegin transaction[0m
  ↳ db/seeds.rb:12
  [1m[36mUser Create (0.6ms)[0m  [1m[32mINSERT INTO "users" ("first_name", "last_name", "email", "created_at", "updated_at") VALUES (?, ?, ?, ?, ?)[0m  [["first_name", "Edward"], ["last_name", "D'Amore"], ["email", "EdwardD'Amore@example.com"], ["created_at", "2018-10-24 20:09:48.326015"], ["updated_at", "2018-10-24 20:09:48.326015"]]
  ↳ db/seeds.rb:12
  [1m[35m (27.5ms)[0m  [1m[36mcommit transaction[0m
  ↳ db/seeds.rb:12
  [1m[36mUser Load (0.3ms)[0m  [1m[34mSELECT  "users".* FROM "users" LIMIT ?[0m  [["LIMIT", 11]]
  [1m[35m (0.1ms)[0m  [1m[34mSELECT "schema_migrations"."version" FROM "schema_migrations" ORDER BY "schema_migrations"."version" ASC[0m
  ↳ bin/rails:9
  [1m[35m (0.0ms)[0m  [1m[36mbegin transaction[0m
  ↳ db/seeds.rb:12
  [1m[36mUser Create (0.2ms)[0m  [1m[32mINSERT INTO "users" ("first_name", "last_name", "email", "created_at", "updated_at") VALUES (?, ?, ?, ?, ?)[0m  [["first_name", "Laurine"], ["last_name", "Carter"], ["email", "LaurineCarter@example.com"], ["created_at", "2018-10-24 20:10:32.071115"], ["updated_at", "2018-10-24 20:10:32.071115"]]
  ↳ db/seeds.rb:12
  [1m[35m (32.1ms)[0m  [1m[36mcommit transaction[0m
  ↳ db/seeds.rb:12
  [1m[35m (0.1ms)[0m  [1m[36mbegin transaction[0m
  ↳ db/seeds.rb:12
  [1m[36mUser Create (0.3ms)[0m  [1m[32mINSERT INTO "users" ("first_name", "last_name", "email", "created_at", "updated_at") VALUES (?, ?, ?, ?, ?)[0m  [["first_name", "Benito"], ["last_name", "Hodkiewicz"], ["email", "BenitoHodkiewicz@example.com"], ["created_at", "2018-10-24 20:10:32.105468"], ["updated_at", "2018-10-24 20:10:32.105468"]]
  ↳ db/seeds.rb:12
  [1m[35m (27.5ms)[0m  [1m[36mcommit transaction[0m
  ↳ db/seeds.rb:12
  [1m[35m (0.1ms)[0m  [1m[36mbegin transaction[0m
  ↳ db/seeds.rb:12
  [1m[36mUser Create (0.3ms)[0m  [1m[32mINSERT INTO "users" ("first_name", "last_name", "email", "created_at", "updated_at") VALUES (?, ?, ?, ?, ?)[0m  [["first_name", "Aron"], ["last_name", "Fadel"], ["email", "AronFadel@example.com"], ["created_at", "2018-10-24 20:10:32.135889"], ["updated_at", "2018-10-24 20:10:32.135889"]]
  ↳ db/seeds.rb:12
  [1m[35m (27.0ms)[0m  [1m[36mcommit transaction[0m
  ↳ db/seeds.rb:12
  [1m[35m (0.1ms)[0m  [1m[36mbegin transaction[0m
  ↳ db/seeds.rb:12
  [1m[36mUser Create (0.4ms)[0m  [1m[32mINSERT INTO "users" ("first_name", "last_name", "email", "created_at", "updated_at") VALUES (?, ?, ?, ?, ?)[0m  [["first_name", "Cherri"], ["last_name", "Thiel"], ["email", "CherriThiel@example.com"], ["created_at", "2018-10-24 20:10:32.165904"], ["updated_at", "2018-10-24 20:10:32.165904"]]
  ↳ db/seeds.rb:12
  [1m[35m (28.4ms)[0m  [1m[36mcommit transaction[0m
  ↳ db/seeds.rb:12
  [1m[35m (0.1ms)[0m  [1m[36mbegin transaction[0m
  ↳ db/seeds.rb:12
  [1m[36mUser Create (0.5ms)[0m  [1m[32mINSERT INTO "users" ("first_name", "last_name", "email", "created_at", "updated_at") VALUES (?, ?, ?, ?, ?)[0m  [["first_name", "Virgie"], ["last_name", "Adams"], ["email", "VirgieAdams@example.com"], ["created_at", "2018-10-24 20:10:32.198240"], ["updated_at", "2018-10-24 20:10:32.198240"]]
  ↳ db/seeds.rb:12
  [1m[35m (24.1ms)[0m  [1m[36mcommit transaction[0m
  ↳ db/seeds.rb:12
  [1m[35m (0.1ms)[0m  [1m[36mbegin transaction[0m
  ↳ db/seeds.rb:12
  [1m[36mUser Create (0.6ms)[0m  [1m[32mINSERT INTO "users" ("first_name", "last_name", "email", "created_at", "updated_at") VALUES (?, ?, ?, ?, ?)[0m  [["first_name", "Mariano"], ["last_name", "Wisozk"], ["email", "MarianoWisozk@example.com"], ["created_at", "2018-10-24 20:10:32.226431"], ["updated_at", "2018-10-24 20:10:32.226431"]]
  ↳ db/seeds.rb:12
  [1m[35m (25.5ms)[0m  [1m[36mcommit transaction[0m
  ↳ db/seeds.rb:12
  [1m[35m (0.1ms)[0m  [1m[36mbegin transaction[0m
  ↳ db/seeds.rb:12
  [1m[36mUser Create (0.6ms)[0m  [1m[32mINSERT INTO "users" ("first_name", "last_name", "email", "created_at", "updated_at") VALUES (?, ?, ?, ?, ?)[0m  [["first_name", "Yi"], ["last_name", "Roob"], ["email", "YiRoob@example.com"], ["created_at", "2018-10-24 20:10:32.257415"], ["updated_at", "2018-10-24 20:10:32.257415"]]
  ↳ db/seeds.rb:12
  [1m[35m (24.5ms)[0m  [1m[36mcommit transaction[0m
  ↳ db/seeds.rb:12
  [1m[35m (0.1ms)[0m  [1m[36mbegin transaction[0m
  ↳ db/seeds.rb:12
  [1m[36mUser Create (0.3ms)[0m  [1m[32mINSERT INTO "users" ("first_name", "last_name", "email", "created_at", "updated_at") VALUES (?, ?, ?, ?, ?)[0m  [["first_name", "Aliza"], ["last_name", "Howe"], ["email", "AlizaHowe@example.com"], ["created_at", "2018-10-24 20:10:32.285754"], ["updated_at", "2018-10-24 20:10:32.285754"]]
  ↳ db/seeds.rb:12
  [1m[35m (27.0ms)[0m  [1m[36mcommit transaction[0m
  ↳ db/seeds.rb:12
  [1m[35m (0.0ms)[0m  [1m[36mbegin transaction[0m
  ↳ db/seeds.rb:12
  [1m[36mUser Create (0.2ms)[0m  [1m[32mINSERT INTO "users" ("first_name", "last_name", "email", "created_at", "updated_at") VALUES (?, ?, ?, ?, ?)[0m  [["first_name", "Connie"], ["last_name", "Breitenberg"], ["email", "ConnieBreitenberg@example.com"], ["created_at", "2018-10-24 20:10:32.315230"], ["updated_at", "2018-10-24 20:10:32.315230"]]
  ↳ db/seeds.rb:12
  [1m[35m (28.1ms)[0m  [1m[36mcommit transaction[0m
  ↳ db/seeds.rb:12
  [1m[35m (0.1ms)[0m  [1m[36mbegin transaction[0m
  ↳ db/seeds.rb:12
  [1m[36mUser Create (0.2ms)[0m  [1m[32mINSERT INTO "users" ("first_name", "last_name", "email", "created_at", "updated_at") VALUES (?, ?, ?, ?, ?)[0m  [["first_name", "Mickey"], ["last_name", "Feil"], ["email", "MickeyFeil@example.com"], ["created_at", "2018-10-24 20:10:32.345165"], ["updated_at", "2018-10-24 20:10:32.345165"]]
  ↳ db/seeds.rb:12
  [1m[35m (28.1ms)[0m  [1m[36mcommit transaction[0m
  ↳ db/seeds.rb:12
  [1m[36mUser Load (0.3ms)[0m  [1m[34mSELECT  "users".* FROM "users" LIMIT ?[0m  [["LIMIT", 11]]
  [1m[35m (0.1ms)[0m  [1m[34mSELECT "schema_migrations"."version" FROM "schema_migrations" ORDER BY "schema_migrations"."version" ASC[0m
  ↳ bin/rails:9
  [1m[35m (0.1ms)[0m  [1m[34mSELECT "ar_internal_metadata"."value" FROM "ar_internal_metadata" WHERE "ar_internal_metadata"."key" = ?[0m  [["key", "environment"]]
  ↳ bin/rails:9
  [1m[35m (0.0ms)[0m  [1m[34mSELECT "schema_migrations"."version" FROM "schema_migrations" ORDER BY "schema_migrations"."version" ASC[0m
  ↳ bin/rails:9
  [1m[35m (0.0ms)[0m  [1m[34mSELECT "ar_internal_metadata"."value" FROM "ar_internal_metadata" WHERE "ar_internal_metadata"."key" = ?[0m  [["key", "environment"]]
  ↳ bin/rails:9
  [1m[35m (0.0ms)[0m  [1m[34mSELECT "schema_migrations"."version" FROM "schema_migrations" ORDER BY "schema_migrations"."version" ASC[0m
  ↳ bin/rails:9
  [1m[35m (0.0ms)[0m  [1m[34mSELECT "ar_internal_metadata"."value" FROM "ar_internal_metadata" WHERE "ar_internal_metadata"."key" = ?[0m  [["key", "environment"]]
  ↳ bin/rails:9
  [1m[35m (0.1ms)[0m  [1m[35mDROP TABLE IF EXISTS "articles"[0m
  ↳ db/schema.rb:15
  [1m[35m (0.1ms)[0m  [1m[34mSELECT sqlite_version(*)[0m
  ↳ db/schema.rb:15
  [1m[35m (53.0ms)[0m  [1m[35mCREATE TABLE "articles" ("id" integer PRIMARY KEY AUTOINCREMENT NOT NULL, "title" varchar, "content" text, "user_id" integer, "created_at" datetime NOT NULL, "updated_at" datetime NOT NULL)[0m
  ↳ db/schema.rb:15
  [1m[35m (36.5ms)[0m  [1m[35mCREATE  INDEX "index_articles_on_user_id" ON "articles" ("user_id")[0m
  ↳ db/schema.rb:15
  [1m[35m (0.3ms)[0m  [1m[35mDROP TABLE IF EXISTS "users"[0m
  ↳ db/schema.rb:24
  [1m[35m (38.2ms)[0m  [1m[35mCREATE TABLE "users" ("id" integer PRIMARY KEY AUTOINCREMENT NOT NULL, "first_name" varchar, "last_name" varchar, "email" varchar, "created_at" datetime NOT NULL, "updated_at" datetime NOT NULL)[0m
  ↳ db/schema.rb:24
  [1m[35m (39.3ms)[0m  [1m[35mCREATE TABLE "schema_migrations" ("version" varchar NOT NULL PRIMARY KEY)[0m
  ↳ db/schema.rb:13
  [1m[35m (0.1ms)[0m  [1m[34mSELECT "schema_migrations"."version" FROM "schema_migrations" ORDER BY "schema_migrations"."version" ASC[0m
  ↳ db/schema.rb:13
  [1m[35m (32.3ms)[0m  [1m[32mINSERT INTO "schema_migrations" (version) VALUES (20181024193044)[0m
  ↳ db/schema.rb:13
  [1m[35m (28.1ms)[0m  [1m[32mINSERT INTO "schema_migrations" (version) VALUES
(20181024192900);

[0m
  ↳ db/schema.rb:13
  [1m[35m (37.9ms)[0m  [1m[35mCREATE TABLE "ar_internal_metadata" ("key" varchar NOT NULL PRIMARY KEY, "value" varchar, "created_at" datetime NOT NULL, "updated_at" datetime NOT NULL)[0m
  ↳ db/schema.rb:13
  [1m[36mActiveRecord::InternalMetadata Load (0.2ms)[0m  [1m[34mSELECT  "ar_internal_metadata".* FROM "ar_internal_metadata" WHERE "ar_internal_metadata"."key" = ? LIMIT ?[0m  [["key", "environment"], ["LIMIT", 1]]
  ↳ db/schema.rb:13
  [1m[35m (0.1ms)[0m  [1m[36mbegin transaction[0m
  ↳ db/schema.rb:13
  [1m[36mActiveRecord::InternalMetadata Create (0.3ms)[0m  [1m[32mINSERT INTO "ar_internal_metadata" ("key", "value", "created_at", "updated_at") VALUES (?, ?, ?, ?)[0m  [["key", "environment"], ["value", "development"], ["created_at", "2018-10-24 20:10:51.201756"], ["updated_at", "2018-10-24 20:10:51.201756"]]
  ↳ db/schema.rb:13
  [1m[35m (26.9ms)[0m  [1m[36mcommit transaction[0m
  ↳ db/schema.rb:13
  [1m[36mActiveRecord::InternalMetadata Load (0.1ms)[0m  [1m[34mSELECT  "ar_internal_metadata".* FROM "ar_internal_metadata" WHERE "ar_internal_metadata"."key" = ? LIMIT ?[0m  [["key", "environment"], ["LIMIT", 1]]
  ↳ bin/rails:9
  [1m[35m (0.0ms)[0m  [1m[36mbegin transaction[0m
  ↳ bin/rails:9
  [1m[35m (0.0ms)[0m  [1m[36mcommit transaction[0m
  ↳ bin/rails:9
  [1m[35m (0.1ms)[0m  [1m[35mDROP TABLE IF EXISTS "articles"[0m
  ↳ db/schema.rb:15
  [1m[35m (0.0ms)[0m  [1m[34mSELECT sqlite_version(*)[0m
  ↳ db/schema.rb:15
  [1m[35m (32.7ms)[0m  [1m[35mCREATE TABLE "articles" ("id" integer PRIMARY KEY AUTOINCREMENT NOT NULL, "title" varchar, "content" text, "user_id" integer, "created_at" datetime NOT NULL, "updated_at" datetime NOT NULL)[0m
  ↳ db/schema.rb:15
  [1m[35m (40.0ms)[0m  [1m[35mCREATE  INDEX "index_articles_on_user_id" ON "articles" ("user_id")[0m
  ↳ db/schema.rb:15
  [1m[35m (0.1ms)[0m  [1m[35mDROP TABLE IF EXISTS "users"[0m
  ↳ db/schema.rb:24
  [1m[35m (37.8ms)[0m  [1m[35mCREATE TABLE "users" ("id" integer PRIMARY KEY AUTOINCREMENT NOT NULL, "first_name" varchar, "last_name" varchar, "email" varchar, "created_at" datetime NOT NULL, "updated_at" datetime NOT NULL)[0m
  ↳ db/schema.rb:24
  [1m[35m (38.9ms)[0m  [1m[35mCREATE TABLE "schema_migrations" ("version" varchar NOT NULL PRIMARY KEY)[0m
  ↳ db/schema.rb:13
  [1m[35m (0.1ms)[0m  [1m[34mSELECT "schema_migrations"."version" FROM "schema_migrations" ORDER BY "schema_migrations"."version" ASC[0m
  ↳ db/schema.rb:13
  [1m[35m (30.7ms)[0m  [1m[32mINSERT INTO "schema_migrations" (version) VALUES (20181024193044)[0m
  ↳ db/schema.rb:13
  [1m[35m (29.6ms)[0m  [1m[32mINSERT INTO "schema_migrations" (version) VALUES
(20181024192900);

[0m
  ↳ db/schema.rb:13
  [1m[35m (28.7ms)[0m  [1m[35mCREATE TABLE "ar_internal_metadata" ("key" varchar NOT NULL PRIMARY KEY, "value" varchar, "created_at" datetime NOT NULL, "updated_at" datetime NOT NULL)[0m
  ↳ db/schema.rb:13
  [1m[36mActiveRecord::InternalMetadata Load (0.1ms)[0m  [1m[34mSELECT  "ar_internal_metadata".* FROM "ar_internal_metadata" WHERE "ar_internal_metadata"."key" = ? LIMIT ?[0m  [["key", "environment"], ["LIMIT", 1]]
  ↳ db/schema.rb:13
  [1m[35m (0.0ms)[0m  [1m[36mbegin transaction[0m
  ↳ db/schema.rb:13
  [1m[36mActiveRecord::InternalMetadata Create (0.2ms)[0m  [1m[32mINSERT INTO "ar_internal_metadata" ("key", "value", "created_at", "updated_at") VALUES (?, ?, ?, ?)[0m  [["key", "environment"], ["value", "development"], ["created_at", "2018-10-24 20:10:51.479000"], ["updated_at", "2018-10-24 20:10:51.479000"]]
  ↳ db/schema.rb:13
  [1m[35m (20.6ms)[0m  [1m[36mcommit transaction[0m
  ↳ db/schema.rb:13
  [1m[36mActiveRecord::InternalMetadata Load (0.1ms)[0m  [1m[34mSELECT  "ar_internal_metadata".* FROM "ar_internal_metadata" WHERE "ar_internal_metadata"."key" = ? LIMIT ?[0m  [["key", "environment"], ["LIMIT", 1]]
  ↳ bin/rails:9
  [1m[35m (0.0ms)[0m  [1m[36mbegin transaction[0m
  ↳ bin/rails:9
  [1m[36mActiveRecord::InternalMetadata Update (0.2ms)[0m  [1m[33mUPDATE "ar_internal_metadata" SET "value" = ?, "updated_at" = ? WHERE "ar_internal_metadata"."key" = ?[0m  [["value", "test"], ["updated_at", "2018-10-24 20:10:51.502195"], ["key", "environment"]]
  ↳ bin/rails:9
  [1m[35m (13.0ms)[0m  [1m[36mcommit transaction[0m
  ↳ bin/rails:9
  [1m[35m (0.1ms)[0m  [1m[34mSELECT "schema_migrations"."version" FROM "schema_migrations" ORDER BY "schema_migrations"."version" ASC[0m
  ↳ bin/rails:9
  [1m[35m (0.0ms)[0m  [1m[36mbegin transaction[0m
  ↳ db/seeds.rb:12
  [1m[36mUser Create (0.2ms)[0m  [1m[32mINSERT INTO "users" ("first_name", "last_name", "email", "created_at", "updated_at") VALUES (?, ?, ?, ?, ?)[0m  [["first_name", "Micheal"], ["last_name", "Raynor"], ["email", "MichealRaynor@example.com"], ["created_at", "2018-10-24 20:10:51.598606"], ["updated_at", "2018-10-24 20:10:51.598606"]]
  ↳ db/seeds.rb:12
  [1m[35m (31.9ms)[0m  [1m[36mcommit transaction[0m
  ↳ db/seeds.rb:12
  [1m[35m (0.0ms)[0m  [1m[36mbegin transaction[0m
  ↳ db/seeds.rb:12
  [1m[36mUser Create (0.2ms)[0m  [1m[32mINSERT INTO "users" ("first_name", "last_name", "email", "created_at", "updated_at") VALUES (?, ?, ?, ?, ?)[0m  [["first_name", "Sharika"], ["last_name", "Tremblay"], ["email", "SharikaTremblay@example.com"], ["created_at", "2018-10-24 20:10:51.632369"], ["updated_at", "2018-10-24 20:10:51.632369"]]
  ↳ db/seeds.rb:12
  [1m[35m (28.5ms)[0m  [1m[36mcommit transaction[0m
  ↳ db/seeds.rb:12
  [1m[35m (0.0ms)[0m  [1m[36mbegin transaction[0m
  ↳ db/seeds.rb:12
  [1m[36mUser Create (0.2ms)[0m  [1m[32mINSERT INTO "users" ("first_name", "last_name", "email", "created_at", "updated_at") VALUES (?, ?, ?, ?, ?)[0m  [["first_name", "Douglass"], ["last_name", "Schoen"], ["email", "DouglassSchoen@example.com"], ["created_at", "2018-10-24 20:10:51.662560"], ["updated_at", "2018-10-24 20:10:51.662560"]]
  ↳ db/seeds.rb:12
  [1m[35m (28.3ms)[0m  [1m[36mcommit transaction[0m
  ↳ db/seeds.rb:12
  [1m[35m (0.1ms)[0m  [1m[36mbegin transaction[0m
  ↳ db/seeds.rb:12
  [1m[36mUser Create (0.3ms)[0m  [1m[32mINSERT INTO "users" ("first_name", "last_name", "email", "created_at", "updated_at") VALUES (?, ?, ?, ?, ?)[0m  [["first_name", "Odelia"], ["last_name", "Carroll"], ["email", "OdeliaCarroll@example.com"], ["created_at", "2018-10-24 20:10:51.692732"], ["updated_at", "2018-10-24 20:10:51.692732"]]
  ↳ db/seeds.rb:12
  [1m[35m (29.5ms)[0m  [1m[36mcommit transaction[0m
  ↳ db/seeds.rb:12
  [1m[35m (0.1ms)[0m  [1m[36mbegin transaction[0m
  ↳ db/seeds.rb:12
  [1m[36mUser Create (0.3ms)[0m  [1m[32mINSERT INTO "users" ("first_name", "last_name", "email", "created_at", "updated_at") VALUES (?, ?, ?, ?, ?)[0m  [["first_name", "Isaias"], ["last_name", "Kling"], ["email", "IsaiasKling@example.com"], ["created_at", "2018-10-24 20:10:51.724687"], ["updated_at", "2018-10-24 20:10:51.724687"]]
  ↳ db/seeds.rb:12
  [1m[35m (25.9ms)[0m  [1m[36mcommit transaction[0m
  ↳ db/seeds.rb:12
  [1m[35m (0.1ms)[0m  [1m[36mbegin transaction[0m
  ↳ db/seeds.rb:12
  [1m[36mUser Create (0.5ms)[0m  [1m[32mINSERT INTO "users" ("first_name", "last_name", "email", "created_at", "updated_at") VALUES (?, ?, ?, ?, ?)[0m  [["first_name", "Kim"], ["last_name", "Ratke"], ["email", "KimRatke@example.com"], ["created_at", "2018-10-24 20:10:51.754391"], ["updated_at", "2018-10-24 20:10:51.754391"]]
  ↳ db/seeds.rb:12
  [1m[35m (24.7ms)[0m  [1m[36mcommit transaction[0m
  ↳ db/seeds.rb:12
  [1m[35m (0.1ms)[0m  [1m[36mbegin transaction[0m
  ↳ db/seeds.rb:12
  [1m[36mUser Create (0.2ms)[0m  [1m[32mINSERT INTO "users" ("first_name", "last_name", "email", "created_at", "updated_at") VALUES (?, ?, ?, ?, ?)[0m  [["first_name", "Mervin"], ["last_name", "Harris"], ["email", "MervinHarris@example.com"], ["created_at", "2018-10-24 20:10:51.782464"], ["updated_at", "2018-10-24 20:10:51.782464"]]
  ↳ db/seeds.rb:12
  [1m[35m (28.4ms)[0m  [1m[36mcommit transaction[0m
  ↳ db/seeds.rb:12
  [1m[35m (0.1ms)[0m  [1m[36mbegin transaction[0m
  ↳ db/seeds.rb:12
  [1m[36mUser Create (0.2ms)[0m  [1m[32mINSERT INTO "users" ("first_name", "last_name", "email", "created_at", "updated_at") VALUES (?, ?, ?, ?, ?)[0m  [["first_name", "Lauren"], ["last_name", "Gleason"], ["email", "LaurenGleason@example.com"], ["created_at", "2018-10-24 20:10:51.829033"], ["updated_at", "2018-10-24 20:10:51.829033"]]
  ↳ db/seeds.rb:12
  [1m[35m (22.0ms)[0m  [1m[36mcommit transaction[0m
  ↳ db/seeds.rb:12
  [1m[35m (0.1ms)[0m  [1m[36mbegin transaction[0m
  ↳ db/seeds.rb:12
  [1m[36mUser Create (0.3ms)[0m  [1m[32mINSERT INTO "users" ("first_name", "last_name", "email", "created_at", "updated_at") VALUES (?, ?, ?, ?, ?)[0m  [["first_name", "Cesar"], ["last_name", "Stokes"], ["email", "CesarStokes@example.com"], ["created_at", "2018-10-24 20:10:51.853247"], ["updated_at", "2018-10-24 20:10:51.853247"]]
  ↳ db/seeds.rb:12
  [1m[35m (26.4ms)[0m  [1m[36mcommit transaction[0m
  ↳ db/seeds.rb:12
  [1m[35m (0.1ms)[0m  [1m[36mbegin transaction[0m
  ↳ db/seeds.rb:12
  [1m[36mUser Create (0.3ms)[0m  [1m[32mINSERT INTO "users" ("first_name", "last_name", "email", "created_at", "updated_at") VALUES (?, ?, ?, ?, ?)[0m  [["first_name", "Doreatha"], ["last_name", "Monahan"], ["email", "DoreathaMonahan@example.com"], ["created_at", "2018-10-24 20:10:51.883853"], ["updated_at", "2018-10-24 20:10:51.883853"]]
  ↳ db/seeds.rb:12
  [1m[35m (25.9ms)[0m  [1m[36mcommit transaction[0m
  ↳ db/seeds.rb:12
  [1m[35m (0.1ms)[0m  [1m[34mSELECT "schema_migrations"."version" FROM "schema_migrations" ORDER BY "schema_migrations"."version" ASC[0m
  ↳ bin/rails:9
  [1m[35m (0.0ms)[0m  [1m[36mbegin transaction[0m
  ↳ db/seeds.rb:12
  [1m[36mUser Create (0.2ms)[0m  [1m[32mINSERT INTO "users" ("first_name", "last_name", "email", "created_at", "updated_at") VALUES (?, ?, ?, ?, ?)[0m  [["first_name", "Lakenya"], ["last_name", "Greenholt"], ["email", "LakenyaGreenholt@example.com"], ["created_at", "2018-10-24 20:10:54.256311"], ["updated_at", "2018-10-24 20:10:54.256311"]]
  ↳ db/seeds.rb:12
  [1m[35m (31.8ms)[0m  [1m[36mcommit transaction[0m
  ↳ db/seeds.rb:12
  [1m[35m (0.1ms)[0m  [1m[36mbegin transaction[0m
  ↳ db/seeds.rb:12
  [1m[36mUser Create (0.3ms)[0m  [1m[32mINSERT INTO "users" ("first_name", "last_name", "email", "created_at", "updated_at") VALUES (?, ?, ?, ?, ?)[0m  [["first_name", "Carmine"], ["last_name", "Gutmann"], ["email", "CarmineGutmann@example.com"], ["created_at", "2018-10-24 20:10:54.290393"], ["updated_at", "2018-10-24 20:10:54.290393"]]
  ↳ db/seeds.rb:12
  [1m[35m (27.5ms)[0m  [1m[36mcommit transaction[0m
  ↳ db/seeds.rb:12
  [1m[35m (0.1ms)[0m  [1m[36mbegin transaction[0m
  ↳ db/seeds.rb:12
  [1m[36mUser Create (0.2ms)[0m  [1m[32mINSERT INTO "users" ("first_name", "last_name", "email", "created_at", "updated_at") VALUES (?, ?, ?, ?, ?)[0m  [["first_name", "Bradly"], ["last_name", "Pacocha"], ["email", "BradlyPacocha@example.com"], ["created_at", "2018-10-24 20:10:54.320179"], ["updated_at", "2018-10-24 20:10:54.320179"]]
  ↳ db/seeds.rb:12
  [1m[35m (27.9ms)[0m  [1m[36mcommit transaction[0m
  ↳ db/seeds.rb:12
  [1m[35m (0.1ms)[0m  [1m[36mbegin transaction[0m
  ↳ db/seeds.rb:12
  [1m[36mUser Create (0.2ms)[0m  [1m[32mINSERT INTO "users" ("first_name", "last_name", "email", "created_at", "updated_at") VALUES (?, ?, ?, ?, ?)[0m  [["first_name", "Zachariah"], ["last_name", "O'Keefe"], ["email", "ZachariahO'Keefe@example.com"], ["created_at", "2018-10-24 20:10:54.350364"], ["updated_at", "2018-10-24 20:10:54.350364"]]
  ↳ db/seeds.rb:12
  [1m[35m (27.7ms)[0m  [1m[36mcommit transaction[0m
  ↳ db/seeds.rb:12
  [1m[35m (0.1ms)[0m  [1m[36mbegin transaction[0m
  ↳ db/seeds.rb:12
  [1m[36mUser Create (0.3ms)[0m  [1m[32mINSERT INTO "users" ("first_name", "last_name", "email", "created_at", "updated_at") VALUES (?, ?, ?, ?, ?)[0m  [["first_name", "Brice"], ["last_name", "Hudson"], ["email", "BriceHudson@example.com"], ["created_at", "2018-10-24 20:10:54.380517"], ["updated_at", "2018-10-24 20:10:54.380517"]]
  ↳ db/seeds.rb:12
  [1m[35m (27.0ms)[0m  [1m[36mcommit transaction[0m
  ↳ db/seeds.rb:12
  [1m[35m (0.0ms)[0m  [1m[36mbegin transaction[0m
  ↳ db/seeds.rb:12
  [1m[36mUser Create (0.2ms)[0m  [1m[32mINSERT INTO "users" ("first_name", "last_name", "email", "created_at", "updated_at") VALUES (?, ?, ?, ?, ?)[0m  [["first_name", "Norris"], ["last_name", "Ward"], ["email", "NorrisWard@example.com"], ["created_at", "2018-10-24 20:10:54.409712"], ["updated_at", "2018-10-24 20:10:54.409712"]]
  ↳ db/seeds.rb:12
  [1m[35m (28.8ms)[0m  [1m[36mcommit transaction[0m
  ↳ db/seeds.rb:12
  [1m[35m (0.1ms)[0m  [1m[36mbegin transaction[0m
  ↳ db/seeds.rb:12
  [1m[36mUser Create (0.3ms)[0m  [1m[32mINSERT INTO "users" ("first_name", "last_name", "email", "created_at", "updated_at") VALUES (?, ?, ?, ?, ?)[0m  [["first_name", "Mia"], ["last_name", "Morissette"], ["email", "MiaMorissette@example.com"], ["created_at", "2018-10-24 20:10:54.440451"], ["updated_at", "2018-10-24 20:10:54.440451"]]
  ↳ db/seeds.rb:12
  [1m[35m (27.6ms)[0m  [1m[36mcommit transaction[0m
  ↳ db/seeds.rb:12
  [1m[35m (0.1ms)[0m  [1m[36mbegin transaction[0m
  ↳ db/seeds.rb:12
  [1m[36mUser Create (0.4ms)[0m  [1m[32mINSERT INTO "users" ("first_name", "last_name", "email", "created_at", "updated_at") VALUES (?, ?, ?, ?, ?)[0m  [["first_name", "Galen"], ["last_name", "Christiansen"], ["email", "GalenChristiansen@example.com"], ["created_at", "2018-10-24 20:10:54.471094"], ["updated_at", "2018-10-24 20:10:54.471094"]]
  ↳ db/seeds.rb:12
  [1m[35m (26.6ms)[0m  [1m[36mcommit transaction[0m
  ↳ db/seeds.rb:12
  [1m[35m (0.2ms)[0m  [1m[36mbegin transaction[0m
  ↳ db/seeds.rb:12
  [1m[36mUser Create (0.4ms)[0m  [1m[32mINSERT INTO "users" ("first_name", "last_name", "email", "created_at", "updated_at") VALUES (?, ?, ?, ?, ?)[0m  [["first_name", "Evia"], ["last_name", "Gusikowski"], ["email", "EviaGusikowski@example.com"], ["created_at", "2018-10-24 20:10:54.501598"], ["updated_at", "2018-10-24 20:10:54.501598"]]
  ↳ db/seeds.rb:12
  [1m[35m (25.7ms)[0m  [1m[36mcommit transaction[0m
  ↳ db/seeds.rb:12
  [1m[35m (0.1ms)[0m  [1m[36mbegin transaction[0m
  ↳ db/seeds.rb:12
  [1m[36mUser Create (0.6ms)[0m  [1m[32mINSERT INTO "users" ("first_name", "last_name", "email", "created_at", "updated_at") VALUES (?, ?, ?, ?, ?)[0m  [["first_name", "Jarvis"], ["last_name", "Lakin"], ["email", "JarvisLakin@example.com"], ["created_at", "2018-10-24 20:10:54.532147"], ["updated_at", "2018-10-24 20:10:54.532147"]]
  ↳ db/seeds.rb:12
  [1m[35m (26.3ms)[0m  [1m[36mcommit transaction[0m
  ↳ db/seeds.rb:12
  [1m[36mUser Load (0.3ms)[0m  [1m[34mSELECT  "users".* FROM "users" LIMIT ?[0m  [["LIMIT", 11]]
  [1m[36mUser Load (0.1ms)[0m  [1m[34mSELECT  "users".* FROM "users" ORDER BY "users"."id" ASC LIMIT ?[0m  [["LIMIT", 1]]
  [1m[35m (0.1ms)[0m  [1m[36mbegin transaction[0m
  [1m[35m (0.1ms)[0m  [1m[36mcommit transaction[0m
  [1m[35m (0.1ms)[0m  [1m[34mSELECT "schema_migrations"."version" FROM "schema_migrations" ORDER BY "schema_migrations"."version" ASC[0m
  ↳ bin/rails:9
  [1m[35m (0.1ms)[0m  [1m[34mSELECT "schema_migrations"."version" FROM "schema_migrations" ORDER BY "schema_migrations"."version" ASC[0m
  ↳ bin/rails:9
