Started GET "/" for 127.0.0.1 at 2018-11-08 18:30:05 +0100
  
ActiveRecord::NoDatabaseError (FATAL:  database "thp-s6-jeudi-2_development" does not exist
):
  
activerecord (5.2.1) lib/active_record/connection_adapters/postgresql_adapter.rb:688:in `rescue in connect'
activerecord (5.2.1) lib/active_record/connection_adapters/postgresql_adapter.rb:683:in `connect'
activerecord (5.2.1) lib/active_record/connection_adapters/postgresql_adapter.rb:215:in `initialize'
activerecord (5.2.1) lib/active_record/connection_adapters/postgresql_adapter.rb:40:in `new'
activerecord (5.2.1) lib/active_record/connection_adapters/postgresql_adapter.rb:40:in `postgresql_connection'
activerecord (5.2.1) lib/active_record/connection_adapters/abstract/connection_pool.rb:809:in `new_connection'
activerecord (5.2.1) lib/active_record/connection_adapters/abstract/connection_pool.rb:853:in `checkout_new_connection'
activerecord (5.2.1) lib/active_record/connection_adapters/abstract/connection_pool.rb:832:in `try_to_checkout_new_connection'
activerecord (5.2.1) lib/active_record/connection_adapters/abstract/connection_pool.rb:793:in `acquire_connection'
activerecord (5.2.1) lib/active_record/connection_adapters/abstract/connection_pool.rb:521:in `checkout'
activerecord (5.2.1) lib/active_record/connection_adapters/abstract/connection_pool.rb:380:in `connection'
activerecord (5.2.1) lib/active_record/connection_adapters/abstract/connection_pool.rb:1008:in `retrieve_connection'
activerecord (5.2.1) lib/active_record/connection_handling.rb:118:in `retrieve_connection'
activerecord (5.2.1) lib/active_record/connection_handling.rb:90:in `connection'
activerecord (5.2.1) lib/active_record/migration.rb:554:in `call'
actionpack (5.2.1) lib/action_dispatch/middleware/callbacks.rb:28:in `block in call'
activesupport (5.2.1) lib/active_support/callbacks.rb:98:in `run_callbacks'
actionpack (5.2.1) lib/action_dispatch/middleware/callbacks.rb:26:in `call'
actionpack (5.2.1) lib/action_dispatch/middleware/executor.rb:14:in `call'
actionpack (5.2.1) lib/action_dispatch/middleware/debug_exceptions.rb:61:in `call'
web-console (3.7.0) lib/web_console/middleware.rb:135:in `call_app'
web-console (3.7.0) lib/web_console/middleware.rb:30:in `block in call'
web-console (3.7.0) lib/web_console/middleware.rb:20:in `catch'
web-console (3.7.0) lib/web_console/middleware.rb:20:in `call'
actionpack (5.2.1) lib/action_dispatch/middleware/show_exceptions.rb:33:in `call'
railties (5.2.1) lib/rails/rack/logger.rb:38:in `call_app'
railties (5.2.1) lib/rails/rack/logger.rb:26:in `block in call'
activesupport (5.2.1) lib/active_support/tagged_logging.rb:71:in `block in tagged'
activesupport (5.2.1) lib/active_support/tagged_logging.rb:28:in `tagged'
activesupport (5.2.1) lib/active_support/tagged_logging.rb:71:in `tagged'
railties (5.2.1) lib/rails/rack/logger.rb:26:in `call'
sprockets-rails (3.2.1) lib/sprockets/rails/quiet_assets.rb:13:in `call'
actionpack (5.2.1) lib/action_dispatch/middleware/remote_ip.rb:81:in `call'
actionpack (5.2.1) lib/action_dispatch/middleware/request_id.rb:27:in `call'
rack (2.0.6) lib/rack/method_override.rb:22:in `call'
rack (2.0.6) lib/rack/runtime.rb:22:in `call'
activesupport (5.2.1) lib/active_support/cache/strategy/local_cache_middleware.rb:29:in `call'
actionpack (5.2.1) lib/action_dispatch/middleware/executor.rb:14:in `call'
actionpack (5.2.1) lib/action_dispatch/middleware/static.rb:127:in `call'
rack (2.0.6) lib/rack/sendfile.rb:111:in `call'
railties (5.2.1) lib/rails/engine.rb:524:in `call'
puma (3.12.0) lib/puma/configuration.rb:225:in `call'
puma (3.12.0) lib/puma/server.rb:658:in `handle_request'
puma (3.12.0) lib/puma/server.rb:472:in `process_client'
puma (3.12.0) lib/puma/server.rb:332:in `block in run'
puma (3.12.0) lib/puma/thread_pool.rb:133:in `block in spawn_thread'
  [1m[35m (297.5ms)[0m  [1m[35mCREATE DATABASE "thp-s6-jeudi-2_development" ENCODING = 'unicode'[0m
  ↳ bin/rails:9
  [1m[35m (234.2ms)[0m  [1m[35mCREATE DATABASE "thp-s6-jeudi-2_test" ENCODING = 'unicode'[0m
  ↳ bin/rails:9
  [1m[35m (15.2ms)[0m  [1m[35mCREATE TABLE "schema_migrations" ("version" character varying NOT NULL PRIMARY KEY)[0m
  ↳ bin/rails:9
  [1m[35m (3.5ms)[0m  [1m[35mCREATE TABLE "ar_internal_metadata" ("key" character varying NOT NULL PRIMARY KEY, "value" character varying, "created_at" timestamp NOT NULL, "updated_at" timestamp NOT NULL)[0m
  ↳ bin/rails:9
  [1m[35m (0.2ms)[0m  [1m[34mSELECT pg_try_advisory_lock(4869246332835715110)[0m
  ↳ bin/rails:9
  [1m[35m (0.4ms)[0m  [1m[34mSELECT "schema_migrations"."version" FROM "schema_migrations" ORDER BY "schema_migrations"."version" ASC[0m
  ↳ bin/rails:9
  [1m[36mActiveRecord::InternalMetadata Load (0.3ms)[0m  [1m[34mSELECT  "ar_internal_metadata".* FROM "ar_internal_metadata" WHERE "ar_internal_metadata"."key" = $1 LIMIT $2[0m  [["key", "environment"], ["LIMIT", 1]]
  ↳ bin/rails:9
  [1m[35m (0.2ms)[0m  [1m[35mBEGIN[0m
  ↳ bin/rails:9
  [1m[36mActiveRecord::InternalMetadata Create (0.3ms)[0m  [1m[32mINSERT INTO "ar_internal_metadata" ("key", "value", "created_at", "updated_at") VALUES ($1, $2, $3, $4) RETURNING "key"[0m  [["key", "environment"], ["value", "development"], ["created_at", "2018-11-08 17:30:22.504678"], ["updated_at", "2018-11-08 17:30:22.504678"]]
  ↳ bin/rails:9
  [1m[35m (0.3ms)[0m  [1m[35mCOMMIT[0m
  ↳ bin/rails:9
  [1m[35m (0.2ms)[0m  [1m[34mSELECT pg_advisory_unlock(4869246332835715110)[0m
  ↳ bin/rails:9
  [1m[35m (0.2ms)[0m  [1m[34mSELECT "schema_migrations"."version" FROM "schema_migrations" ORDER BY "schema_migrations"."version" ASC[0m
  ↳ bin/rails:9
Started GET "/" for 127.0.0.1 at 2018-11-08 18:30:24 +0100
Processing by MoviesController#index as HTML
  Rendering movies/index.html.erb within layouts/application
  Rendered movies/index.html.erb within layouts/application (0.2ms)
Completed 200 OK in 417ms (Views: 413.8ms | ActiveRecord: 0.0ms)


Started GET "/" for 127.0.0.1 at 2018-11-08 18:30:31 +0100
Processing by MoviesController#index as HTML
  Rendering movies/index.html.erb within layouts/application
  Rendered movies/index.html.erb within layouts/application (0.2ms)
Completed 200 OK in 11ms (Views: 10.6ms | ActiveRecord: 0.0ms)


Started GET "/" for 127.0.0.1 at 2018-11-08 18:34:20 +0100
Processing by MoviesController#index as HTML
  Rendering movies/index.html.erb within layouts/application
  Rendered movies/index.html.erb within layouts/application (0.2ms)
Completed 200 OK in 10ms (Views: 9.0ms | ActiveRecord: 0.0ms)


Started GET "/" for 127.0.0.1 at 2018-11-08 18:36:44 +0100
Processing by MoviesController#index as HTML
  Rendering movies/index.html.erb within layouts/application
  Rendered movies/index.html.erb within layouts/application (0.4ms)
Completed 200 OK in 27ms (Views: 26.1ms | ActiveRecord: 0.0ms)


Started GET "/" for 127.0.0.1 at 2018-11-08 18:39:44 +0100
Processing by MoviesController#index as HTML
  Rendering movies/index.html.erb within layouts/application
  Rendered movies/index.html.erb within layouts/application (0.3ms)
Completed 200 OK in 13ms (Views: 11.8ms | ActiveRecord: 0.0ms)


Started GET "/" for 127.0.0.1 at 2018-11-08 18:41:00 +0100
Processing by MoviesController#index as HTML
  Rendering movies/index.html.erb within layouts/application
  Rendered movies/index.html.erb within layouts/application (0.2ms)
Completed 200 OK in 12ms (Views: 11.0ms | ActiveRecord: 0.0ms)


Started GET "/" for 127.0.0.1 at 2018-11-08 18:41:17 +0100
Processing by MoviesController#index as HTML
  Rendering movies/index.html.erb within layouts/application
  Rendered movies/index.html.erb within layouts/application (0.2ms)
Completed 200 OK in 16ms (Views: 15.0ms | ActiveRecord: 0.0ms)


Started GET "/" for 127.0.0.1 at 2018-11-08 18:41:26 +0100
Processing by MoviesController#index as HTML
  Rendering movies/index.html.erb within layouts/application
  Rendered movies/index.html.erb within layouts/application (0.2ms)
Completed 200 OK in 15ms (Views: 14.0ms | ActiveRecord: 0.0ms)


Started GET "/" for 127.0.0.1 at 2018-11-08 20:35:47 +0100
Processing by MoviesController#index as HTML
  Rendering movies/index.html.erb within layouts/application
  Rendered movies/index.html.erb within layouts/application (0.7ms)
Completed 200 OK in 141ms (Views: 136.1ms | ActiveRecord: 0.0ms)


Started GET "/" for 127.0.0.1 at 2018-11-08 20:35:51 +0100
Processing by MoviesController#index as HTML
  Rendering movies/index.html.erb within layouts/application
  Rendered movies/index.html.erb within layouts/application (0.5ms)
Completed 200 OK in 34ms (Views: 28.2ms | ActiveRecord: 0.0ms)


Started GET "/" for 127.0.0.1 at 2018-11-08 20:37:43 +0100
Processing by MoviesController#index as HTML
  Rendering movies/index.html.erb within layouts/application
  Rendered movies/index.html.erb within layouts/application (0.3ms)
Completed 200 OK in 17ms (Views: 15.5ms | ActiveRecord: 0.0ms)


Started GET "/" for 127.0.0.1 at 2018-11-08 20:39:54 +0100
Processing by MoviesController#index as HTML
  Rendering movies/index.html.erb within layouts/application
  Rendered movies/index.html.erb within layouts/application (0.2ms)
Completed 200 OK in 13ms (Views: 12.2ms | ActiveRecord: 0.0ms)


Started POST "/movies/index" for 127.0.0.1 at 2018-11-08 20:39:57 +0100
  
ActionController::RoutingError (No route matches [POST] "/movies/index"):
  
actionpack (5.2.1) lib/action_dispatch/middleware/debug_exceptions.rb:65:in `call'
web-console (3.7.0) lib/web_console/middleware.rb:135:in `call_app'
web-console (3.7.0) lib/web_console/middleware.rb:30:in `block in call'
web-console (3.7.0) lib/web_console/middleware.rb:20:in `catch'
web-console (3.7.0) lib/web_console/middleware.rb:20:in `call'
actionpack (5.2.1) lib/action_dispatch/middleware/show_exceptions.rb:33:in `call'
railties (5.2.1) lib/rails/rack/logger.rb:38:in `call_app'
railties (5.2.1) lib/rails/rack/logger.rb:26:in `block in call'
activesupport (5.2.1) lib/active_support/tagged_logging.rb:71:in `block in tagged'
activesupport (5.2.1) lib/active_support/tagged_logging.rb:28:in `tagged'
activesupport (5.2.1) lib/active_support/tagged_logging.rb:71:in `tagged'
railties (5.2.1) lib/rails/rack/logger.rb:26:in `call'
sprockets-rails (3.2.1) lib/sprockets/rails/quiet_assets.rb:13:in `call'
actionpack (5.2.1) lib/action_dispatch/middleware/remote_ip.rb:81:in `call'
actionpack (5.2.1) lib/action_dispatch/middleware/request_id.rb:27:in `call'
rack (2.0.6) lib/rack/method_override.rb:22:in `call'
rack (2.0.6) lib/rack/runtime.rb:22:in `call'
activesupport (5.2.1) lib/active_support/cache/strategy/local_cache_middleware.rb:29:in `call'
actionpack (5.2.1) lib/action_dispatch/middleware/executor.rb:14:in `call'
actionpack (5.2.1) lib/action_dispatch/middleware/static.rb:127:in `call'
rack (2.0.6) lib/rack/sendfile.rb:111:in `call'
railties (5.2.1) lib/rails/engine.rb:524:in `call'
puma (3.12.0) lib/puma/configuration.rb:225:in `call'
puma (3.12.0) lib/puma/server.rb:658:in `handle_request'
puma (3.12.0) lib/puma/server.rb:472:in `process_client'
puma (3.12.0) lib/puma/server.rb:332:in `block in run'
puma (3.12.0) lib/puma/thread_pool.rb:133:in `block in spawn_thread'
Started GET "/" for 127.0.0.1 at 2018-11-08 20:41:28 +0100
  
SyntaxError (/home/mac/code/THP/semaine6/thp-s6-jeudi-2/config/routes.rb:3: syntax error, unexpected ':'
	post "/". to: "movies#index"
	            ^):
  
config/routes.rb:3: syntax error, unexpected ':'
Started GET "/" for 127.0.0.1 at 2018-11-08 20:41:41 +0100
  
SyntaxError (/home/mac/code/THP/semaine6/thp-s6-jeudi-2/config/routes.rb:3: syntax error, unexpected ':'
	post "/movies/index". to: "movies#index"
	                        ^):
  
config/routes.rb:3: syntax error, unexpected ':'
Started GET "/" for 127.0.0.1 at 2018-11-08 20:42:05 +0100
  
SyntaxError (/home/mac/code/THP/semaine6/thp-s6-jeudi-2/config/routes.rb:3: syntax error, unexpected ':'
	post "/movies/index". to: "movies#search"
	                        ^):
  
config/routes.rb:3: syntax error, unexpected ':'
Started GET "/" for 127.0.0.1 at 2018-11-08 20:42:11 +0100
  
SyntaxError (/home/mac/code/THP/semaine6/thp-s6-jeudi-2/config/routes.rb:3: syntax error, unexpected ':'
	post "/movies/search". to: "movies#search"
	                         ^):
  
config/routes.rb:3: syntax error, unexpected ':'
Started GET "/" for 127.0.0.1 at 2018-11-08 20:42:22 +0100
  
SyntaxError (/home/mac/code/THP/semaine6/thp-s6-jeudi-2/config/routes.rb:3: syntax error, unexpected ':'
	get "/movies/search". to: "movies#search"
	                        ^
/home/mac/code/THP/semaine6/thp-s6-jeudi-2/config/routes.rb:4: syntax error, unexpected ':'
	post "/movies/search". to: "movies#search"
	                         ^):
  
config/routes.rb:3: syntax error, unexpected ':'
config/routes.rb:4: syntax error, unexpected ':'
Started GET "/" for 127.0.0.1 at 2018-11-08 20:42:41 +0100
Processing by MoviesController#index as HTML
  Rendering movies/index.html.erb within layouts/application
  Rendered movies/index.html.erb within layouts/application (0.2ms)
Completed 200 OK in 16ms (Views: 11.2ms | ActiveRecord: 0.0ms)


Started POST "/movies/index" for 127.0.0.1 at 2018-11-08 20:42:43 +0100
  
ActionController::RoutingError (No route matches [POST] "/movies/index"):
  
actionpack (5.2.1) lib/action_dispatch/middleware/debug_exceptions.rb:65:in `call'
web-console (3.7.0) lib/web_console/middleware.rb:135:in `call_app'
web-console (3.7.0) lib/web_console/middleware.rb:30:in `block in call'
web-console (3.7.0) lib/web_console/middleware.rb:20:in `catch'
web-console (3.7.0) lib/web_console/middleware.rb:20:in `call'
actionpack (5.2.1) lib/action_dispatch/middleware/show_exceptions.rb:33:in `call'
railties (5.2.1) lib/rails/rack/logger.rb:38:in `call_app'
railties (5.2.1) lib/rails/rack/logger.rb:26:in `block in call'
activesupport (5.2.1) lib/active_support/tagged_logging.rb:71:in `block in tagged'
activesupport (5.2.1) lib/active_support/tagged_logging.rb:28:in `tagged'
activesupport (5.2.1) lib/active_support/tagged_logging.rb:71:in `tagged'
railties (5.2.1) lib/rails/rack/logger.rb:26:in `call'
sprockets-rails (3.2.1) lib/sprockets/rails/quiet_assets.rb:13:in `call'
actionpack (5.2.1) lib/action_dispatch/middleware/remote_ip.rb:81:in `call'
actionpack (5.2.1) lib/action_dispatch/middleware/request_id.rb:27:in `call'
rack (2.0.6) lib/rack/method_override.rb:22:in `call'
rack (2.0.6) lib/rack/runtime.rb:22:in `call'
activesupport (5.2.1) lib/active_support/cache/strategy/local_cache_middleware.rb:29:in `call'
actionpack (5.2.1) lib/action_dispatch/middleware/executor.rb:14:in `call'
actionpack (5.2.1) lib/action_dispatch/middleware/static.rb:127:in `call'
rack (2.0.6) lib/rack/sendfile.rb:111:in `call'
railties (5.2.1) lib/rails/engine.rb:524:in `call'
puma (3.12.0) lib/puma/configuration.rb:225:in `call'
puma (3.12.0) lib/puma/server.rb:658:in `handle_request'
puma (3.12.0) lib/puma/server.rb:472:in `process_client'
puma (3.12.0) lib/puma/server.rb:332:in `block in run'
puma (3.12.0) lib/puma/thread_pool.rb:133:in `block in spawn_thread'
Started POST "/movies/index" for 127.0.0.1 at 2018-11-08 20:49:45 +0100
Processing by MoviesController#search as HTML
  Parameters: {"movie"=>"asdf"}
Can't verify CSRF token authenticity.
Completed 422 Unprocessable Entity in 1ms (ActiveRecord: 0.0ms)


  
ActionController::InvalidAuthenticityToken (ActionController::InvalidAuthenticityToken):
  
actionpack (5.2.1) lib/action_controller/metal/request_forgery_protection.rb:211:in `handle_unverified_request'
actionpack (5.2.1) lib/action_controller/metal/request_forgery_protection.rb:243:in `handle_unverified_request'
actionpack (5.2.1) lib/action_controller/metal/request_forgery_protection.rb:238:in `verify_authenticity_token'
activesupport (5.2.1) lib/active_support/callbacks.rb:426:in `block in make_lambda'
activesupport (5.2.1) lib/active_support/callbacks.rb:198:in `block (2 levels) in halting'
actionpack (5.2.1) lib/abstract_controller/callbacks.rb:34:in `block (2 levels) in <module:Callbacks>'
activesupport (5.2.1) lib/active_support/callbacks.rb:199:in `block in halting'
activesupport (5.2.1) lib/active_support/callbacks.rb:513:in `block in invoke_before'
activesupport (5.2.1) lib/active_support/callbacks.rb:513:in `each'
activesupport (5.2.1) lib/active_support/callbacks.rb:513:in `invoke_before'
activesupport (5.2.1) lib/active_support/callbacks.rb:131:in `run_callbacks'
actionpack (5.2.1) lib/abstract_controller/callbacks.rb:41:in `process_action'
actionpack (5.2.1) lib/action_controller/metal/rescue.rb:22:in `process_action'
actionpack (5.2.1) lib/action_controller/metal/instrumentation.rb:34:in `block in process_action'
activesupport (5.2.1) lib/active_support/notifications.rb:168:in `block in instrument'
activesupport (5.2.1) lib/active_support/notifications/instrumenter.rb:23:in `instrument'
activesupport (5.2.1) lib/active_support/notifications.rb:168:in `instrument'
actionpack (5.2.1) lib/action_controller/metal/instrumentation.rb:32:in `process_action'
actionpack (5.2.1) lib/action_controller/metal/params_wrapper.rb:256:in `process_action'
activerecord (5.2.1) lib/active_record/railties/controller_runtime.rb:24:in `process_action'
actionpack (5.2.1) lib/abstract_controller/base.rb:134:in `process'
actionview (5.2.1) lib/action_view/rendering.rb:32:in `process'
actionpack (5.2.1) lib/action_controller/metal.rb:191:in `dispatch'
actionpack (5.2.1) lib/action_controller/metal.rb:252:in `dispatch'
actionpack (5.2.1) lib/action_dispatch/routing/route_set.rb:52:in `dispatch'
actionpack (5.2.1) lib/action_dispatch/routing/route_set.rb:34:in `serve'
actionpack (5.2.1) lib/action_dispatch/journey/router.rb:52:in `block in serve'
actionpack (5.2.1) lib/action_dispatch/journey/router.rb:35:in `each'
actionpack (5.2.1) lib/action_dispatch/journey/router.rb:35:in `serve'
actionpack (5.2.1) lib/action_dispatch/routing/route_set.rb:840:in `call'
rack (2.0.6) lib/rack/tempfile_reaper.rb:15:in `call'
rack (2.0.6) lib/rack/etag.rb:25:in `call'
rack (2.0.6) lib/rack/conditional_get.rb:38:in `call'
rack (2.0.6) lib/rack/head.rb:12:in `call'
actionpack (5.2.1) lib/action_dispatch/http/content_security_policy.rb:18:in `call'
rack (2.0.6) lib/rack/session/abstract/id.rb:232:in `context'
rack (2.0.6) lib/rack/session/abstract/id.rb:226:in `call'
actionpack (5.2.1) lib/action_dispatch/middleware/cookies.rb:670:in `call'
activerecord (5.2.1) lib/active_record/migration.rb:559:in `call'
actionpack (5.2.1) lib/action_dispatch/middleware/callbacks.rb:28:in `block in call'
activesupport (5.2.1) lib/active_support/callbacks.rb:98:in `run_callbacks'
actionpack (5.2.1) lib/action_dispatch/middleware/callbacks.rb:26:in `call'
actionpack (5.2.1) lib/action_dispatch/middleware/executor.rb:14:in `call'
actionpack (5.2.1) lib/action_dispatch/middleware/debug_exceptions.rb:61:in `call'
web-console (3.7.0) lib/web_console/middleware.rb:135:in `call_app'
web-console (3.7.0) lib/web_console/middleware.rb:30:in `block in call'
web-console (3.7.0) lib/web_console/middleware.rb:20:in `catch'
web-console (3.7.0) lib/web_console/middleware.rb:20:in `call'
actionpack (5.2.1) lib/action_dispatch/middleware/show_exceptions.rb:33:in `call'
railties (5.2.1) lib/rails/rack/logger.rb:38:in `call_app'
railties (5.2.1) lib/rails/rack/logger.rb:26:in `block in call'
activesupport (5.2.1) lib/active_support/tagged_logging.rb:71:in `block in tagged'
activesupport (5.2.1) lib/active_support/tagged_logging.rb:28:in `tagged'
activesupport (5.2.1) lib/active_support/tagged_logging.rb:71:in `tagged'
railties (5.2.1) lib/rails/rack/logger.rb:26:in `call'
sprockets-rails (3.2.1) lib/sprockets/rails/quiet_assets.rb:13:in `call'
actionpack (5.2.1) lib/action_dispatch/middleware/remote_ip.rb:81:in `call'
actionpack (5.2.1) lib/action_dispatch/middleware/request_id.rb:27:in `call'
rack (2.0.6) lib/rack/method_override.rb:22:in `call'
rack (2.0.6) lib/rack/runtime.rb:22:in `call'
activesupport (5.2.1) lib/active_support/cache/strategy/local_cache_middleware.rb:29:in `call'
actionpack (5.2.1) lib/action_dispatch/middleware/executor.rb:14:in `call'
actionpack (5.2.1) lib/action_dispatch/middleware/static.rb:127:in `call'
rack (2.0.6) lib/rack/sendfile.rb:111:in `call'
railties (5.2.1) lib/rails/engine.rb:524:in `call'
puma (3.12.0) lib/puma/configuration.rb:225:in `call'
puma (3.12.0) lib/puma/server.rb:658:in `handle_request'
puma (3.12.0) lib/puma/server.rb:472:in `process_client'
puma (3.12.0) lib/puma/server.rb:332:in `block in run'
puma (3.12.0) lib/puma/thread_pool.rb:133:in `block in spawn_thread'
Started GET "/" for 127.0.0.1 at 2018-11-08 20:49:47 +0100
Processing by MoviesController#index as HTML
  Rendering movies/index.html.erb within layouts/application
  Rendered movies/index.html.erb within layouts/application (0.3ms)
Completed 200 OK in 22ms (Views: 15.0ms | ActiveRecord: 0.0ms)


Started POST "/movies/index" for 127.0.0.1 at 2018-11-08 20:49:51 +0100
Processing by MoviesController#search as HTML
  Parameters: {"movie"=>"asdf"}
Can't verify CSRF token authenticity.
Completed 422 Unprocessable Entity in 0ms (ActiveRecord: 0.0ms)


  
ActionController::InvalidAuthenticityToken (ActionController::InvalidAuthenticityToken):
  
actionpack (5.2.1) lib/action_controller/metal/request_forgery_protection.rb:211:in `handle_unverified_request'
actionpack (5.2.1) lib/action_controller/metal/request_forgery_protection.rb:243:in `handle_unverified_request'
actionpack (5.2.1) lib/action_controller/metal/request_forgery_protection.rb:238:in `verify_authenticity_token'
activesupport (5.2.1) lib/active_support/callbacks.rb:426:in `block in make_lambda'
activesupport (5.2.1) lib/active_support/callbacks.rb:198:in `block (2 levels) in halting'
actionpack (5.2.1) lib/abstract_controller/callbacks.rb:34:in `block (2 levels) in <module:Callbacks>'
activesupport (5.2.1) lib/active_support/callbacks.rb:199:in `block in halting'
activesupport (5.2.1) lib/active_support/callbacks.rb:513:in `block in invoke_before'
activesupport (5.2.1) lib/active_support/callbacks.rb:513:in `each'
activesupport (5.2.1) lib/active_support/callbacks.rb:513:in `invoke_before'
activesupport (5.2.1) lib/active_support/callbacks.rb:131:in `run_callbacks'
actionpack (5.2.1) lib/abstract_controller/callbacks.rb:41:in `process_action'
actionpack (5.2.1) lib/action_controller/metal/rescue.rb:22:in `process_action'
actionpack (5.2.1) lib/action_controller/metal/instrumentation.rb:34:in `block in process_action'
activesupport (5.2.1) lib/active_support/notifications.rb:168:in `block in instrument'
activesupport (5.2.1) lib/active_support/notifications/instrumenter.rb:23:in `instrument'
activesupport (5.2.1) lib/active_support/notifications.rb:168:in `instrument'
actionpack (5.2.1) lib/action_controller/metal/instrumentation.rb:32:in `process_action'
actionpack (5.2.1) lib/action_controller/metal/params_wrapper.rb:256:in `process_action'
activerecord (5.2.1) lib/active_record/railties/controller_runtime.rb:24:in `process_action'
actionpack (5.2.1) lib/abstract_controller/base.rb:134:in `process'
actionview (5.2.1) lib/action_view/rendering.rb:32:in `process'
actionpack (5.2.1) lib/action_controller/metal.rb:191:in `dispatch'
actionpack (5.2.1) lib/action_controller/metal.rb:252:in `dispatch'
actionpack (5.2.1) lib/action_dispatch/routing/route_set.rb:52:in `dispatch'
actionpack (5.2.1) lib/action_dispatch/routing/route_set.rb:34:in `serve'
actionpack (5.2.1) lib/action_dispatch/journey/router.rb:52:in `block in serve'
actionpack (5.2.1) lib/action_dispatch/journey/router.rb:35:in `each'
actionpack (5.2.1) lib/action_dispatch/journey/router.rb:35:in `serve'
actionpack (5.2.1) lib/action_dispatch/routing/route_set.rb:840:in `call'
rack (2.0.6) lib/rack/tempfile_reaper.rb:15:in `call'
rack (2.0.6) lib/rack/etag.rb:25:in `call'
rack (2.0.6) lib/rack/conditional_get.rb:38:in `call'
rack (2.0.6) lib/rack/head.rb:12:in `call'
actionpack (5.2.1) lib/action_dispatch/http/content_security_policy.rb:18:in `call'
rack (2.0.6) lib/rack/session/abstract/id.rb:232:in `context'
rack (2.0.6) lib/rack/session/abstract/id.rb:226:in `call'
actionpack (5.2.1) lib/action_dispatch/middleware/cookies.rb:670:in `call'
activerecord (5.2.1) lib/active_record/migration.rb:559:in `call'
actionpack (5.2.1) lib/action_dispatch/middleware/callbacks.rb:28:in `block in call'
activesupport (5.2.1) lib/active_support/callbacks.rb:98:in `run_callbacks'
actionpack (5.2.1) lib/action_dispatch/middleware/callbacks.rb:26:in `call'
actionpack (5.2.1) lib/action_dispatch/middleware/executor.rb:14:in `call'
actionpack (5.2.1) lib/action_dispatch/middleware/debug_exceptions.rb:61:in `call'
web-console (3.7.0) lib/web_console/middleware.rb:135:in `call_app'
web-console (3.7.0) lib/web_console/middleware.rb:30:in `block in call'
web-console (3.7.0) lib/web_console/middleware.rb:20:in `catch'
web-console (3.7.0) lib/web_console/middleware.rb:20:in `call'
actionpack (5.2.1) lib/action_dispatch/middleware/show_exceptions.rb:33:in `call'
railties (5.2.1) lib/rails/rack/logger.rb:38:in `call_app'
railties (5.2.1) lib/rails/rack/logger.rb:26:in `block in call'
activesupport (5.2.1) lib/active_support/tagged_logging.rb:71:in `block in tagged'
activesupport (5.2.1) lib/active_support/tagged_logging.rb:28:in `tagged'
activesupport (5.2.1) lib/active_support/tagged_logging.rb:71:in `tagged'
railties (5.2.1) lib/rails/rack/logger.rb:26:in `call'
sprockets-rails (3.2.1) lib/sprockets/rails/quiet_assets.rb:13:in `call'
actionpack (5.2.1) lib/action_dispatch/middleware/remote_ip.rb:81:in `call'
actionpack (5.2.1) lib/action_dispatch/middleware/request_id.rb:27:in `call'
rack (2.0.6) lib/rack/method_override.rb:22:in `call'
rack (2.0.6) lib/rack/runtime.rb:22:in `call'
activesupport (5.2.1) lib/active_support/cache/strategy/local_cache_middleware.rb:29:in `call'
actionpack (5.2.1) lib/action_dispatch/middleware/executor.rb:14:in `call'
actionpack (5.2.1) lib/action_dispatch/middleware/static.rb:127:in `call'
rack (2.0.6) lib/rack/sendfile.rb:111:in `call'
railties (5.2.1) lib/rails/engine.rb:524:in `call'
puma (3.12.0) lib/puma/configuration.rb:225:in `call'
puma (3.12.0) lib/puma/server.rb:658:in `handle_request'
puma (3.12.0) lib/puma/server.rb:472:in `process_client'
puma (3.12.0) lib/puma/server.rb:332:in `block in run'
puma (3.12.0) lib/puma/thread_pool.rb:133:in `block in spawn_thread'
Started POST "/movies/index" for 127.0.0.1 at 2018-11-08 20:50:24 +0100
Processing by MoviesController#search as HTML
  Parameters: {"movie"=>"asdf"}
Can't verify CSRF token authenticity.
Completed 422 Unprocessable Entity in 0ms (ActiveRecord: 0.0ms)


  
ActionController::InvalidAuthenticityToken (ActionController::InvalidAuthenticityToken):
  
actionpack (5.2.1) lib/action_controller/metal/request_forgery_protection.rb:211:in `handle_unverified_request'
actionpack (5.2.1) lib/action_controller/metal/request_forgery_protection.rb:243:in `handle_unverified_request'
actionpack (5.2.1) lib/action_controller/metal/request_forgery_protection.rb:238:in `verify_authenticity_token'
activesupport (5.2.1) lib/active_support/callbacks.rb:426:in `block in make_lambda'
activesupport (5.2.1) lib/active_support/callbacks.rb:198:in `block (2 levels) in halting'
actionpack (5.2.1) lib/abstract_controller/callbacks.rb:34:in `block (2 levels) in <module:Callbacks>'
activesupport (5.2.1) lib/active_support/callbacks.rb:199:in `block in halting'
activesupport (5.2.1) lib/active_support/callbacks.rb:513:in `block in invoke_before'
activesupport (5.2.1) lib/active_support/callbacks.rb:513:in `each'
activesupport (5.2.1) lib/active_support/callbacks.rb:513:in `invoke_before'
activesupport (5.2.1) lib/active_support/callbacks.rb:131:in `run_callbacks'
actionpack (5.2.1) lib/abstract_controller/callbacks.rb:41:in `process_action'
actionpack (5.2.1) lib/action_controller/metal/rescue.rb:22:in `process_action'
actionpack (5.2.1) lib/action_controller/metal/instrumentation.rb:34:in `block in process_action'
activesupport (5.2.1) lib/active_support/notifications.rb:168:in `block in instrument'
activesupport (5.2.1) lib/active_support/notifications/instrumenter.rb:23:in `instrument'
activesupport (5.2.1) lib/active_support/notifications.rb:168:in `instrument'
actionpack (5.2.1) lib/action_controller/metal/instrumentation.rb:32:in `process_action'
actionpack (5.2.1) lib/action_controller/metal/params_wrapper.rb:256:in `process_action'
activerecord (5.2.1) lib/active_record/railties/controller_runtime.rb:24:in `process_action'
actionpack (5.2.1) lib/abstract_controller/base.rb:134:in `process'
actionview (5.2.1) lib/action_view/rendering.rb:32:in `process'
actionpack (5.2.1) lib/action_controller/metal.rb:191:in `dispatch'
actionpack (5.2.1) lib/action_controller/metal.rb:252:in `dispatch'
actionpack (5.2.1) lib/action_dispatch/routing/route_set.rb:52:in `dispatch'
actionpack (5.2.1) lib/action_dispatch/routing/route_set.rb:34:in `serve'
actionpack (5.2.1) lib/action_dispatch/journey/router.rb:52:in `block in serve'
actionpack (5.2.1) lib/action_dispatch/journey/router.rb:35:in `each'
actionpack (5.2.1) lib/action_dispatch/journey/router.rb:35:in `serve'
actionpack (5.2.1) lib/action_dispatch/routing/route_set.rb:840:in `call'
rack (2.0.6) lib/rack/tempfile_reaper.rb:15:in `call'
rack (2.0.6) lib/rack/etag.rb:25:in `call'
rack (2.0.6) lib/rack/conditional_get.rb:38:in `call'
rack (2.0.6) lib/rack/head.rb:12:in `call'
actionpack (5.2.1) lib/action_dispatch/http/content_security_policy.rb:18:in `call'
rack (2.0.6) lib/rack/session/abstract/id.rb:232:in `context'
rack (2.0.6) lib/rack/session/abstract/id.rb:226:in `call'
actionpack (5.2.1) lib/action_dispatch/middleware/cookies.rb:670:in `call'
activerecord (5.2.1) lib/active_record/migration.rb:559:in `call'
actionpack (5.2.1) lib/action_dispatch/middleware/callbacks.rb:28:in `block in call'
activesupport (5.2.1) lib/active_support/callbacks.rb:98:in `run_callbacks'
actionpack (5.2.1) lib/action_dispatch/middleware/callbacks.rb:26:in `call'
actionpack (5.2.1) lib/action_dispatch/middleware/executor.rb:14:in `call'
actionpack (5.2.1) lib/action_dispatch/middleware/debug_exceptions.rb:61:in `call'
web-console (3.7.0) lib/web_console/middleware.rb:135:in `call_app'
web-console (3.7.0) lib/web_console/middleware.rb:30:in `block in call'
web-console (3.7.0) lib/web_console/middleware.rb:20:in `catch'
web-console (3.7.0) lib/web_console/middleware.rb:20:in `call'
actionpack (5.2.1) lib/action_dispatch/middleware/show_exceptions.rb:33:in `call'
railties (5.2.1) lib/rails/rack/logger.rb:38:in `call_app'
railties (5.2.1) lib/rails/rack/logger.rb:26:in `block in call'
activesupport (5.2.1) lib/active_support/tagged_logging.rb:71:in `block in tagged'
activesupport (5.2.1) lib/active_support/tagged_logging.rb:28:in `tagged'
activesupport (5.2.1) lib/active_support/tagged_logging.rb:71:in `tagged'
railties (5.2.1) lib/rails/rack/logger.rb:26:in `call'
sprockets-rails (3.2.1) lib/sprockets/rails/quiet_assets.rb:13:in `call'
actionpack (5.2.1) lib/action_dispatch/middleware/remote_ip.rb:81:in `call'
actionpack (5.2.1) lib/action_dispatch/middleware/request_id.rb:27:in `call'
rack (2.0.6) lib/rack/method_override.rb:22:in `call'
rack (2.0.6) lib/rack/runtime.rb:22:in `call'
activesupport (5.2.1) lib/active_support/cache/strategy/local_cache_middleware.rb:29:in `call'
actionpack (5.2.1) lib/action_dispatch/middleware/executor.rb:14:in `call'
actionpack (5.2.1) lib/action_dispatch/middleware/static.rb:127:in `call'
rack (2.0.6) lib/rack/sendfile.rb:111:in `call'
railties (5.2.1) lib/rails/engine.rb:524:in `call'
puma (3.12.0) lib/puma/configuration.rb:225:in `call'
puma (3.12.0) lib/puma/server.rb:658:in `handle_request'
puma (3.12.0) lib/puma/server.rb:472:in `process_client'
puma (3.12.0) lib/puma/server.rb:332:in `block in run'
puma (3.12.0) lib/puma/thread_pool.rb:133:in `block in spawn_thread'
Started GET "/" for 127.0.0.1 at 2018-11-08 20:50:26 +0100
Processing by MoviesController#index as HTML
  Rendering movies/index.html.erb within layouts/application
  Rendered movies/index.html.erb within layouts/application (0.5ms)
Completed 200 OK in 13ms (Views: 11.9ms | ActiveRecord: 0.0ms)


Started POST "/movies/index" for 127.0.0.1 at 2018-11-08 20:50:27 +0100
Processing by MoviesController#search as HTML
  Parameters: {"movie"=>"asdf", "authenticity_token"=>"rcoxSBKQhDajWyMnhgHFvcTGaiu75tHb07sCRe1RcW53co0nC/HDOtLNZwTW4aTg+yOrsJov+a6YWKKknrpWdw=="}
  Rendering movies/search.html.erb within layouts/application
  Rendered movies/search.html.erb within layouts/application (0.3ms)
Completed 200 OK in 19ms (Views: 15.5ms | ActiveRecord: 0.0ms)


Started GET "/" for 127.0.0.1 at 2018-11-08 20:58:29 +0100
Processing by MoviesController#index as HTML
  Rendering movies/index.html.erb within layouts/application
  Rendered movies/index.html.erb within layouts/application (0.4ms)
Completed 200 OK in 13ms (Views: 12.3ms | ActiveRecord: 0.0ms)


Started GET "/" for 127.0.0.1 at 2018-11-08 20:58:43 +0100
Processing by MoviesController#index as HTML
  Rendering movies/index.html.erb within layouts/application
  Rendered movies/index.html.erb within layouts/application (0.3ms)
Completed 200 OK in 11ms (Views: 9.8ms | ActiveRecord: 0.0ms)


Started POST "/movies/index" for 127.0.0.1 at 2018-11-08 20:58:44 +0100
  
ActionController::RoutingError (No route matches [POST] "/movies/index"):
  
actionpack (5.2.1) lib/action_dispatch/middleware/debug_exceptions.rb:65:in `call'
web-console (3.7.0) lib/web_console/middleware.rb:135:in `call_app'
web-console (3.7.0) lib/web_console/middleware.rb:30:in `block in call'
web-console (3.7.0) lib/web_console/middleware.rb:20:in `catch'
web-console (3.7.0) lib/web_console/middleware.rb:20:in `call'
actionpack (5.2.1) lib/action_dispatch/middleware/show_exceptions.rb:33:in `call'
railties (5.2.1) lib/rails/rack/logger.rb:38:in `call_app'
railties (5.2.1) lib/rails/rack/logger.rb:26:in `block in call'
activesupport (5.2.1) lib/active_support/tagged_logging.rb:71:in `block in tagged'
activesupport (5.2.1) lib/active_support/tagged_logging.rb:28:in `tagged'
activesupport (5.2.1) lib/active_support/tagged_logging.rb:71:in `tagged'
railties (5.2.1) lib/rails/rack/logger.rb:26:in `call'
sprockets-rails (3.2.1) lib/sprockets/rails/quiet_assets.rb:13:in `call'
actionpack (5.2.1) lib/action_dispatch/middleware/remote_ip.rb:81:in `call'
actionpack (5.2.1) lib/action_dispatch/middleware/request_id.rb:27:in `call'
rack (2.0.6) lib/rack/method_override.rb:22:in `call'
rack (2.0.6) lib/rack/runtime.rb:22:in `call'
activesupport (5.2.1) lib/active_support/cache/strategy/local_cache_middleware.rb:29:in `call'
actionpack (5.2.1) lib/action_dispatch/middleware/executor.rb:14:in `call'
actionpack (5.2.1) lib/action_dispatch/middleware/static.rb:127:in `call'
rack (2.0.6) lib/rack/sendfile.rb:111:in `call'
railties (5.2.1) lib/rails/engine.rb:524:in `call'
puma (3.12.0) lib/puma/configuration.rb:225:in `call'
puma (3.12.0) lib/puma/server.rb:658:in `handle_request'
puma (3.12.0) lib/puma/server.rb:472:in `process_client'
puma (3.12.0) lib/puma/server.rb:332:in `block in run'
puma (3.12.0) lib/puma/thread_pool.rb:133:in `block in spawn_thread'
Started GET "/" for 127.0.0.1 at 2018-11-08 20:59:24 +0100
Processing by MoviesController#index as HTML
  Rendering movies/index.html.erb within layouts/application
  Rendered movies/index.html.erb within layouts/application (0.4ms)
Completed 200 OK in 16ms (Views: 14.7ms | ActiveRecord: 0.0ms)


Started POST "/movies/index" for 127.0.0.1 at 2018-11-08 20:59:27 +0100
  
ActionController::RoutingError (No route matches [POST] "/movies/index"):
  
actionpack (5.2.1) lib/action_dispatch/middleware/debug_exceptions.rb:65:in `call'
web-console (3.7.0) lib/web_console/middleware.rb:135:in `call_app'
web-console (3.7.0) lib/web_console/middleware.rb:30:in `block in call'
web-console (3.7.0) lib/web_console/middleware.rb:20:in `catch'
web-console (3.7.0) lib/web_console/middleware.rb:20:in `call'
actionpack (5.2.1) lib/action_dispatch/middleware/show_exceptions.rb:33:in `call'
railties (5.2.1) lib/rails/rack/logger.rb:38:in `call_app'
railties (5.2.1) lib/rails/rack/logger.rb:26:in `block in call'
activesupport (5.2.1) lib/active_support/tagged_logging.rb:71:in `block in tagged'
activesupport (5.2.1) lib/active_support/tagged_logging.rb:28:in `tagged'
activesupport (5.2.1) lib/active_support/tagged_logging.rb:71:in `tagged'
railties (5.2.1) lib/rails/rack/logger.rb:26:in `call'
sprockets-rails (3.2.1) lib/sprockets/rails/quiet_assets.rb:13:in `call'
actionpack (5.2.1) lib/action_dispatch/middleware/remote_ip.rb:81:in `call'
actionpack (5.2.1) lib/action_dispatch/middleware/request_id.rb:27:in `call'
rack (2.0.6) lib/rack/method_override.rb:22:in `call'
rack (2.0.6) lib/rack/runtime.rb:22:in `call'
activesupport (5.2.1) lib/active_support/cache/strategy/local_cache_middleware.rb:29:in `call'
actionpack (5.2.1) lib/action_dispatch/middleware/executor.rb:14:in `call'
actionpack (5.2.1) lib/action_dispatch/middleware/static.rb:127:in `call'
rack (2.0.6) lib/rack/sendfile.rb:111:in `call'
railties (5.2.1) lib/rails/engine.rb:524:in `call'
puma (3.12.0) lib/puma/configuration.rb:225:in `call'
puma (3.12.0) lib/puma/server.rb:658:in `handle_request'
puma (3.12.0) lib/puma/server.rb:472:in `process_client'
puma (3.12.0) lib/puma/server.rb:332:in `block in run'
puma (3.12.0) lib/puma/thread_pool.rb:133:in `block in spawn_thread'
Started GET "/" for 127.0.0.1 at 2018-11-08 21:00:12 +0100
Processing by MoviesController#index as HTML
  Rendering movies/index.html.erb within layouts/application
  Rendered movies/index.html.erb within layouts/application (0.3ms)
Completed 200 OK in 14ms (Views: 13.5ms | ActiveRecord: 0.0ms)


Started POST "/" for 127.0.0.1 at 2018-11-08 21:00:14 +0100
Processing by MoviesController#search as HTML
  Parameters: {"movie"=>"asdf", "authenticity_token"=>"Kbnp05szYCuqXeBbFrujtQm53D827JJC2CBr99CZy5TzAVW8glInJ9vLpHhGW8LoNlwdpBclujeTw8sWo3LsjQ=="}
  Rendering movies/search.html.erb within layouts/application
  Rendered movies/search.html.erb within layouts/application (0.4ms)
Completed 200 OK in 20ms (Views: 14.0ms | ActiveRecord: 0.0ms)


Started GET "/" for 127.0.0.1 at 2018-11-08 21:00:22 +0100
Processing by MoviesController#index as HTML
  Rendering movies/index.html.erb within layouts/application
  Rendered movies/index.html.erb within layouts/application (0.3ms)
Completed 200 OK in 11ms (Views: 9.9ms | ActiveRecord: 0.0ms)


Started POST "/" for 127.0.0.1 at 2018-11-08 21:00:24 +0100
Processing by MoviesController#search as HTML
  Parameters: {"movie"=>"asdf", "authenticity_token"=>"Qm66mFND5S0/socL4TntB0xruLU3TDTsGUvLL2lPCAGY1gb3SiKiIU4kwyix2Yxac455LhaFHJlSqGvOGqQvGA=="}
  Rendering movies/search.html.erb within layouts/application
  Rendered movies/search.html.erb within layouts/application (0.3ms)
Completed 200 OK in 19ms (Views: 18.3ms | ActiveRecord: 0.0ms)


Started GET "/" for 127.0.0.1 at 2018-11-08 21:11:10 +0100
Processing by MoviesController#index as HTML
  Rendering movies/index.html.erb within layouts/application
  Rendered movies/index.html.erb within layouts/application (0.3ms)
Completed 200 OK in 12ms (Views: 11.6ms | ActiveRecord: 0.0ms)


Started POST "/" for 127.0.0.1 at 2018-11-08 21:11:14 +0100
Processing by MoviesController#search as HTML
  Parameters: {"movie"=>"asdf", "authenticity_token"=>"+WrKkzMDDDlfnabFsFJQh3V/kyts5lK44GugnHTxH6sj0nb8KmJLNS4L4ubgsjHaSppSsE0ves2riAB9Bxo4sg=="}
  Rendering movies/search.html.erb within layouts/application
  Rendered movies/search.html.erb within layouts/application (0.5ms)
Completed 200 OK in 24ms (Views: 22.6ms | ActiveRecord: 0.0ms)


Started GET "/" for 127.0.0.1 at 2018-11-08 21:21:37 +0100
Processing by MoviesController#index as HTML
  Rendering movies/index.html.erb within layouts/application
  Rendered movies/index.html.erb within layouts/application (0.5ms)
Completed 200 OK in 43ms (Views: 39.5ms | ActiveRecord: 0.0ms)


Started POST "/" for 127.0.0.1 at 2018-11-08 21:21:39 +0100
Processing by MoviesController#search as HTML
  Parameters: {"movie"=>"asdf", "authenticity_token"=>"xHCsUoiQZtazPtDM6hGRBOA1AfuVXKrIs5Y7ccXRuW4eyBA9kfEh2sKolO+68fBZ39DAYLSVgr34dZuQtjqedw=="}
  Rendering movies/search.html.erb within layouts/application
  Rendered movies/search.html.erb within layouts/application (0.3ms)
Completed 200 OK in 25ms (Views: 20.5ms | ActiveRecord: 0.0ms)


  [1m[35m (0.4ms)[0m  [1m[34mSELECT "schema_migrations"."version" FROM "schema_migrations" ORDER BY "schema_migrations"."version" ASC[0m
  ↳ bin/rails:9
  [1m[35m (0.8ms)[0m  [1m[35mCREATE DATABASE "thp-s6-jeudi-2_development" ENCODING = 'unicode'[0m
  ↳ bin/rails:9
  [1m[35m (0.4ms)[0m  [1m[35mCREATE DATABASE "thp-s6-jeudi-2_test" ENCODING = 'unicode'[0m
  ↳ bin/rails:9
  [1m[35m (0.2ms)[0m  [1m[34mSELECT pg_try_advisory_lock(4869246332835715110)[0m
  ↳ bin/rails:9
  [1m[35m (0.4ms)[0m  [1m[34mSELECT "schema_migrations"."version" FROM "schema_migrations" ORDER BY "schema_migrations"."version" ASC[0m
  ↳ bin/rails:9
  [1m[36mActiveRecord::InternalMetadata Load (0.4ms)[0m  [1m[34mSELECT  "ar_internal_metadata".* FROM "ar_internal_metadata" WHERE "ar_internal_metadata"."key" = $1 LIMIT $2[0m  [["key", "environment"], ["LIMIT", 1]]
  ↳ bin/rails:9
  [1m[35m (0.1ms)[0m  [1m[35mBEGIN[0m
  ↳ bin/rails:9
  [1m[35m (0.1ms)[0m  [1m[35mCOMMIT[0m
  ↳ bin/rails:9
  [1m[35m (0.2ms)[0m  [1m[34mSELECT pg_advisory_unlock(4869246332835715110)[0m
  ↳ bin/rails:9
  [1m[35m (0.2ms)[0m  [1m[34mSELECT "schema_migrations"."version" FROM "schema_migrations" ORDER BY "schema_migrations"."version" ASC[0m
  ↳ bin/rails:9
Started GET "/" for 127.0.0.1 at 2018-11-08 21:40:41 +0100
Processing by MoviesController#index as HTML
  Rendering movies/index.html.erb within layouts/application
  Rendered movies/index.html.erb within layouts/application (0.9ms)
Completed 200 OK in 133ms (Views: 127.4ms | ActiveRecord: 0.0ms)


Started POST "/" for 127.0.0.1 at 2018-11-08 21:40:43 +0100
Processing by MoviesController#search as HTML
  Parameters: {"movie"=>"asdf", "authenticity_token"=>"nDSH9PYRDqHV6/NDiOWVM6CqEnpF4BZP4zEGvHSEAx3k/f18C6La8FrUEG/et1gbTzEAKWDuG1O7rGD/b5E2/g=="}
Completed 500 Internal Server Error in 266ms (ActiveRecord: 0.0ms)


  
NoMethodError (undefined method `empty' for []:Array
Did you mean?  empty?):
  
app/controllers/movies_controller.rb:7:in `search'
Started POST "/" for 127.0.0.1 at 2018-11-08 21:40:51 +0100
Processing by MoviesController#search as HTML
  Parameters: {"movie"=>"asdf", "authenticity_token"=>"nDSH9PYRDqHV6/NDiOWVM6CqEnpF4BZP4zEGvHSEAx3k/f18C6La8FrUEG/et1gbTzEAKWDuG1O7rGD/b5E2/g=="}
  Rendering movies/search.html.erb within layouts/application
  Rendered movies/search.html.erb within layouts/application (0.5ms)
Completed 200 OK in 273ms (Views: 27.6ms | ActiveRecord: 0.0ms)


Started GET "/" for 127.0.0.1 at 2018-11-08 21:41:13 +0100
Processing by MoviesController#index as HTML
  Rendering movies/index.html.erb within layouts/application
  Rendered movies/index.html.erb within layouts/application (0.4ms)
Completed 200 OK in 19ms (Views: 18.1ms | ActiveRecord: 0.0ms)


Started POST "/" for 127.0.0.1 at 2018-11-08 21:41:17 +0100
Processing by MoviesController#search as HTML
  Parameters: {"movie"=>"batman", "authenticity_token"=>"2SgV1teXuGpMH853TFlpxyTWWUsa1ZoulBtwOKUeZJOh4W9eKiRsO8MgLVsaC6Tvy01LGD/blzLMhhZ7vgtRcA=="}
  Rendering movies/search.html.erb within layouts/application
  Rendered movies/search.html.erb within layouts/application (0.4ms)
Completed 200 OK in 295ms (Views: 22.6ms | ActiveRecord: 0.0ms)


Started GET "/" for 127.0.0.1 at 2018-11-08 21:41:42 +0100
Processing by MoviesController#index as HTML
  Rendering movies/index.html.erb within layouts/application
  Rendered movies/index.html.erb within layouts/application (0.2ms)
Completed 200 OK in 9ms (Views: 8.6ms | ActiveRecord: 0.0ms)


Started POST "/" for 127.0.0.1 at 2018-11-08 21:41:43 +0100
Processing by MoviesController#search as HTML
  Parameters: {"movie"=>"batman", "authenticity_token"=>"r+96uS1GUTy4jvwGxvZF+DhUnx7oRvwYUNKFrE1Q6pjXJgAx0PWFbTexHyqQpIjQ18+NTc1I8QQIT+PvVkXfew=="}
Completed 500 Internal Server Error in 246ms (ActiveRecord: 0.0ms)


  
ArgumentError (wrong number of arguments (given 1, expected 0)):
  
app/controllers/movies_controller.rb:8:in `select'
app/controllers/movies_controller.rb:8:in `search'
Started POST "/" for 127.0.0.1 at 2018-11-08 21:41:56 +0100
Processing by MoviesController#search as HTML
  Parameters: {"movie"=>"batman", "authenticity_token"=>"r+96uS1GUTy4jvwGxvZF+DhUnx7oRvwYUNKFrE1Q6pjXJgAx0PWFbTexHyqQpIjQ18+NTc1I8QQIT+PvVkXfew=="}
Completed 500 Internal Server Error in 282ms (ActiveRecord: 0.0ms)


  
ArgumentError (wrong number of arguments (given 1, expected 0)):
  
app/controllers/movies_controller.rb:8:in `select'
app/controllers/movies_controller.rb:8:in `search'
Started POST "/" for 127.0.0.1 at 2018-11-08 21:42:02 +0100
Processing by MoviesController#search as HTML
  Parameters: {"movie"=>"batman", "authenticity_token"=>"r+96uS1GUTy4jvwGxvZF+DhUnx7oRvwYUNKFrE1Q6pjXJgAx0PWFbTexHyqQpIjQ18+NTc1I8QQIT+PvVkXfew=="}
Completed 500 Internal Server Error in 379ms (ActiveRecord: 0.0ms)


  
NameError (undefined local variable or method `title' for #<MoviesController:0x00007f71c14ee9b0>):
  
app/controllers/movies_controller.rb:8:in `search'
Started POST "/" for 127.0.0.1 at 2018-11-08 21:42:54 +0100
  
SyntaxError (/home/mac/code/THP/semaine6/thp-s6-jeudi-2/app/controllers/movies_controller.rb:8: syntax error, unexpected ')'
		puts a.select(@title=)
		                     ^):
  
app/controllers/movies_controller.rb:8: syntax error, unexpected ')'
Started POST "/" for 127.0.0.1 at 2018-11-08 21:43:05 +0100
Processing by MoviesController#search as HTML
  Parameters: {"movie"=>"batman", "authenticity_token"=>"r+96uS1GUTy4jvwGxvZF+DhUnx7oRvwYUNKFrE1Q6pjXJgAx0PWFbTexHyqQpIjQ18+NTc1I8QQIT+PvVkXfew=="}
Completed 500 Internal Server Error in 243ms (ActiveRecord: 0.0ms)


  
ArgumentError (wrong number of arguments (given 1, expected 0)):
  
app/controllers/movies_controller.rb:8:in `select'
app/controllers/movies_controller.rb:8:in `search'
Started POST "/" for 127.0.0.1 at 2018-11-08 21:43:14 +0100
Processing by MoviesController#search as HTML
  Parameters: {"movie"=>"batman", "authenticity_token"=>"r+96uS1GUTy4jvwGxvZF+DhUnx7oRvwYUNKFrE1Q6pjXJgAx0PWFbTexHyqQpIjQ18+NTc1I8QQIT+PvVkXfew=="}
Completed 500 Internal Server Error in 239ms (ActiveRecord: 0.0ms)


  
ArgumentError (wrong number of arguments (given 1, expected 0)):
  
app/controllers/movies_controller.rb:8:in `select'
app/controllers/movies_controller.rb:8:in `search'
Started POST "/" for 127.0.0.1 at 2018-11-08 21:43:23 +0100
Processing by MoviesController#search as HTML
  Parameters: {"movie"=>"batman", "authenticity_token"=>"r+96uS1GUTy4jvwGxvZF+DhUnx7oRvwYUNKFrE1Q6pjXJgAx0PWFbTexHyqQpIjQ18+NTc1I8QQIT+PvVkXfew=="}
  Rendering movies/search.html.erb within layouts/application
  Rendered movies/search.html.erb within layouts/application (0.3ms)
Completed 200 OK in 282ms (Views: 13.3ms | ActiveRecord: 0.0ms)


Started GET "/" for 127.0.0.1 at 2018-11-08 21:43:48 +0100
Processing by MoviesController#index as HTML
  Rendering movies/index.html.erb within layouts/application
  Rendered movies/index.html.erb within layouts/application (0.3ms)
Completed 200 OK in 11ms (Views: 10.0ms | ActiveRecord: 0.0ms)


Started POST "/" for 127.0.0.1 at 2018-11-08 21:43:51 +0100
Processing by MoviesController#search as HTML
  Parameters: {"movie"=>"batman", "authenticity_token"=>"EBsMyQS7vkELdfYxM1+uh7wQBdmKmDucNf+XZjA/TeBo0nZB+QhqEIRKFR1lDWOvU4sXiq+WNoBtYvElKyp4Aw=="}
  Rendering movies/search.html.erb within layouts/application
  Rendered movies/search.html.erb within layouts/application (0.7ms)
Completed 200 OK in 386ms (Views: 17.9ms | ActiveRecord: 0.0ms)


Started GET "/" for 127.0.0.1 at 2018-11-08 21:44:15 +0100
Processing by MoviesController#index as HTML
  Rendering movies/index.html.erb within layouts/application
  Rendered movies/index.html.erb within layouts/application (0.3ms)
Completed 200 OK in 9ms (Views: 8.7ms | ActiveRecord: 0.0ms)


Started POST "/" for 127.0.0.1 at 2018-11-08 21:44:17 +0100
Processing by MoviesController#search as HTML
  Parameters: {"movie"=>"batman", "authenticity_token"=>"dhUPQigLNb4E1JuJDe6zsgn8fLRUCCB/GK3jIVcOfGUO3HXK1bjh74vreKVbvH6a5mdu53EGLWNAMIViTBtJhg=="}
  Rendering movies/search.html.erb within layouts/application
  Rendered movies/search.html.erb within layouts/application (0.4ms)
Completed 200 OK in 266ms (Views: 14.8ms | ActiveRecord: 0.0ms)


Started GET "/" for 127.0.0.1 at 2018-11-08 21:44:51 +0100
Processing by MoviesController#index as HTML
  Rendering movies/index.html.erb within layouts/application
  Rendered movies/index.html.erb within layouts/application (0.3ms)
Completed 200 OK in 10ms (Views: 8.9ms | ActiveRecord: 0.0ms)


Started POST "/" for 127.0.0.1 at 2018-11-08 21:44:54 +0100
Processing by MoviesController#search as HTML
  Parameters: {"movie"=>"batman", "authenticity_token"=>"cHV+9itXjzl5JL9Hzy7WrQn9sCwEXhuNP27qzu8kE+MIvAR+1uRbaPYbXGuZfBuF5maifyFQFpFn84yN9DEmAA=="}
  Rendering movies/search.html.erb within layouts/application
  Rendered movies/search.html.erb within layouts/application (0.7ms)
Completed 200 OK in 256ms (Views: 16.8ms | ActiveRecord: 0.0ms)


Started GET "/" for 127.0.0.1 at 2018-11-08 21:45:28 +0100
Processing by MoviesController#index as HTML
  Rendering movies/index.html.erb within layouts/application
  Rendered movies/index.html.erb within layouts/application (0.3ms)
Completed 200 OK in 9ms (Views: 8.6ms | ActiveRecord: 0.0ms)


Started POST "/" for 127.0.0.1 at 2018-11-08 21:45:31 +0100
Processing by MoviesController#search as HTML
  Parameters: {"movie"=>"batman", "authenticity_token"=>"XEjDqZX5aY/MGH1lhHQDXDRQwK9YbJ75+ceaLnwRYpUkgbkhaEq93kMnnknSJs5028vS/H1ik+WhWvxtZwRXdg=="}
  Rendering movies/search.html.erb within layouts/application
  Rendered movies/search.html.erb within layouts/application (0.6ms)
Completed 200 OK in 577ms (Views: 17.8ms | ActiveRecord: 0.0ms)


Started GET "/" for 127.0.0.1 at 2018-11-08 21:47:49 +0100
Processing by MoviesController#index as HTML
  Rendering movies/index.html.erb within layouts/application
  Rendered movies/index.html.erb within layouts/application (0.3ms)
Completed 200 OK in 10ms (Views: 8.9ms | ActiveRecord: 0.0ms)


Started POST "/" for 127.0.0.1 at 2018-11-08 21:47:53 +0100
Processing by MoviesController#search as HTML
  Parameters: {"movie"=>"batman", "authenticity_token"=>"2AHaWduQOs4edsmsF9CNU32LAFhUy0YGh9ULvAOZOEOgyKDRJiPun5FJKoBBgkB7khASC3HFSxrfSG3/GIwNoA=="}
  Rendering movies/search.html.erb within layouts/application
  Rendered movies/search.html.erb within layouts/application (0.7ms)
Completed 200 OK in 292ms (Views: 16.8ms | ActiveRecord: 0.0ms)


Started GET "/" for 127.0.0.1 at 2018-11-08 21:48:38 +0100
Processing by MoviesController#index as HTML
  Rendering movies/index.html.erb within layouts/application
  Rendered movies/index.html.erb within layouts/application (0.3ms)
Completed 200 OK in 15ms (Views: 14.3ms | ActiveRecord: 0.0ms)


Started POST "/" for 127.0.0.1 at 2018-11-08 21:48:40 +0100
Processing by MoviesController#search as HTML
  Parameters: {"movie"=>"asdf", "authenticity_token"=>"Uay4oo4/5GIedR8TSv5XTBTFDOCwVA99zqwpgD/gDsUpZcIqc4wwM5FK/D8crJpk+14es5VaAmGWMU/DJPU7Jg=="}
Completed 500 Internal Server Error in 246ms (ActiveRecord: 0.0ms)


  
NoMethodError (undefined method `empty?' for #<Enumerator: []:find("@title")>):
  
app/controllers/movies_controller.rb:8:in `search'
Started POST "/" for 127.0.0.1 at 2018-11-08 21:48:52 +0100
Processing by MoviesController#search as HTML
  Parameters: {"movie"=>"asdf", "authenticity_token"=>"Uay4oo4/5GIedR8TSv5XTBTFDOCwVA99zqwpgD/gDsUpZcIqc4wwM5FK/D8crJpk+14es5VaAmGWMU/DJPU7Jg=="}
  Rendering movies/search.html.erb within layouts/application
  Rendered movies/search.html.erb within layouts/application (0.6ms)
Completed 200 OK in 261ms (Views: 16.7ms | ActiveRecord: 0.0ms)


Started GET "/" for 127.0.0.1 at 2018-11-08 21:49:21 +0100
Processing by MoviesController#index as HTML
  Rendering movies/index.html.erb within layouts/application
  Rendered movies/index.html.erb within layouts/application (0.3ms)
Completed 200 OK in 10ms (Views: 9.5ms | ActiveRecord: 0.0ms)


Started GET "/" for 127.0.0.1 at 2018-11-08 21:49:21 +0100
Processing by MoviesController#index as HTML
  Rendering movies/index.html.erb within layouts/application
  Rendered movies/index.html.erb within layouts/application (0.3ms)
Completed 200 OK in 14ms (Views: 11.6ms | ActiveRecord: 0.0ms)


Started POST "/" for 127.0.0.1 at 2018-11-08 21:49:25 +0100
Processing by MoviesController#search as HTML
  Parameters: {"movie"=>"batman", "authenticity_token"=>"MeGELg3jrp9keGC1hyBMCl0oir0aqQJ+BLjGA7mq4b1JKP6m8FB6zutHg5nRcoEisrOY7j+nD2JcJaBAor/UXg=="}
  Rendering movies/search.html.erb within layouts/application
  Rendered movies/search.html.erb within layouts/application (0.5ms)
Completed 200 OK in 307ms (Views: 16.2ms | ActiveRecord: 0.0ms)


Started GET "/" for 127.0.0.1 at 2018-11-08 21:49:36 +0100
Processing by MoviesController#index as HTML
  Rendering movies/index.html.erb within layouts/application
  Rendered movies/index.html.erb within layouts/application (0.3ms)
Completed 200 OK in 12ms (Views: 10.8ms | ActiveRecord: 0.0ms)


Started POST "/" for 127.0.0.1 at 2018-11-08 21:49:41 +0100
Processing by MoviesController#search as HTML
  Parameters: {"movie"=>"batman", "authenticity_token"=>"vBegItwVc5mKkqEg4AMNJpeiQdBYXGKrYxSgU452xAjE3tqqIaanyAWtQgy2UcAOeDlTg31Sb7c7icYQlWPx6w=="}
  Rendering movies/search.html.erb within layouts/application
  Rendered movies/search.html.erb within layouts/application (0.7ms)
Completed 200 OK in 307ms (Views: 19.3ms | ActiveRecord: 0.0ms)


Started GET "/" for 127.0.0.1 at 2018-11-08 22:27:27 +0100
Processing by MoviesController#index as HTML
  Rendering movies/index.html.erb within layouts/application
  Rendered movies/index.html.erb within layouts/application (0.4ms)
Completed 200 OK in 15ms (Views: 14.1ms | ActiveRecord: 0.0ms)


Started POST "/" for 127.0.0.1 at 2018-11-08 22:27:29 +0100
Processing by MoviesController#search as HTML
  Parameters: {"movie"=>"asdf", "authenticity_token"=>"jev5dgDFfZFErh4uVRKDzT/wAhk5/5YMmJHSomFIr1X1IoP+/XapwMuR/QIDQE7l0GsQShzxmxDADLThel2atg=="}
  Rendering movies/search.html.erb within layouts/application
  Rendered movies/search.html.erb within layouts/application (0.4ms)
Completed 200 OK in 290ms (Views: 16.0ms | ActiveRecord: 0.0ms)


Started GET "/" for 127.0.0.1 at 2018-11-08 22:27:34 +0100
Processing by MoviesController#index as HTML
  Rendering movies/index.html.erb within layouts/application
  Rendered movies/index.html.erb within layouts/application (0.4ms)
Completed 200 OK in 12ms (Views: 11.4ms | ActiveRecord: 0.0ms)


Started POST "/" for 127.0.0.1 at 2018-11-08 22:27:38 +0100
Processing by MoviesController#search as HTML
  Parameters: {"movie"=>"mad max", "authenticity_token"=>"hIMVQP8iz0FLIkn8AyA0ltvOsEBfiiNIG6yXaVSKGRP8Sm/IApEbEMQdqtBVcvm+NFWiE3qELlRDMfEqT58s8A=="}
  Rendering movies/search.html.erb within layouts/application
  Rendered movies/search.html.erb within layouts/application (0.6ms)
Completed 200 OK in 322ms (Views: 20.3ms | ActiveRecord: 0.0ms)


Started GET "/" for 127.0.0.1 at 2018-11-08 22:29:30 +0100
Processing by MoviesController#index as HTML
  Rendering movies/index.html.erb within layouts/application
  Rendered movies/index.html.erb within layouts/application (0.3ms)
Completed 200 OK in 9ms (Views: 8.6ms | ActiveRecord: 0.0ms)


Started POST "/" for 127.0.0.1 at 2018-11-08 22:29:34 +0100
Processing by MoviesController#search as HTML
  Parameters: {"movie"=>"mad max", "authenticity_token"=>"U0NHRkfBFgika/LNFbTxSrQ2yE2ynOLPjreOHCa3Agsrij3OunLCWStUEeFD5jxiW63aHpeS79PWKuhfPaI36A=="}
  Rendering movies/search.html.erb within layouts/application
  Rendered movies/search.html.erb within layouts/application (0.4ms)
Completed 200 OK in 291ms (Views: 13.3ms | ActiveRecord: 0.0ms)


Started GET "/" for 127.0.0.1 at 2018-11-08 22:30:04 +0100
Processing by MoviesController#index as HTML
  Rendering movies/index.html.erb within layouts/application
  Rendered movies/index.html.erb within layouts/application (0.3ms)
Completed 200 OK in 10ms (Views: 9.1ms | ActiveRecord: 0.0ms)


Started POST "/" for 127.0.0.1 at 2018-11-08 22:30:08 +0100
Processing by MoviesController#search as HTML
  Parameters: {"movie"=>"max max", "authenticity_token"=>"euQB3Ccbd+XACrrr4zwE/1ogJwg+sdtPjjgZ8vUmkgkCLXtU2qijtE81Wce1bsnXtbs1Wxu/1lPWpX+x7jOn6g=="}
  Rendering movies/search.html.erb within layouts/application
  Rendered movies/search.html.erb within layouts/application (0.4ms)
Completed 200 OK in 277ms (Views: 14.1ms | ActiveRecord: 0.0ms)


Started GET "/" for 127.0.0.1 at 2018-11-08 22:30:12 +0100
Processing by MoviesController#index as HTML
  Rendering movies/index.html.erb within layouts/application
  Rendered movies/index.html.erb within layouts/application (0.6ms)
Completed 200 OK in 13ms (Views: 11.9ms | ActiveRecord: 0.0ms)


Started POST "/" for 127.0.0.1 at 2018-11-08 22:30:14 +0100
Processing by MoviesController#search as HTML
  Parameters: {"movie"=>"mad max", "authenticity_token"=>"+zToYVEPyi4T+3PSaSZuYLqlRqhophjriExPa53ZDtiD/ZLprLwef5zEkP4/dKNIVT5U+02oFffQ0Skohsw7Ow=="}
  Rendering movies/search.html.erb within layouts/application
  Rendered movies/search.html.erb within layouts/application (0.4ms)
Completed 200 OK in 273ms (Views: 16.6ms | ActiveRecord: 0.0ms)


Started GET "/" for 127.0.0.1 at 2018-11-08 22:30:38 +0100
Processing by MoviesController#index as HTML
  Rendering movies/index.html.erb within layouts/application
  Rendered movies/index.html.erb within layouts/application (0.3ms)
Completed 200 OK in 10ms (Views: 9.3ms | ActiveRecord: 0.0ms)


Started POST "/" for 127.0.0.1 at 2018-11-08 22:30:39 +0100
Processing by MoviesController#search as HTML
  Parameters: {"movie"=>"mad max", "authenticity_token"=>"QNpbmEcXtwqlga1dRN81rCnFozwCahkVSlX5MWtbFRc4EyEQuqRjWyq+TnESjfiExl6xbydkFAkSyJ9ycE4g9A=="}
  Rendering movies/search.html.erb within layouts/application
  Rendered movies/search.html.erb within layouts/application (0.5ms)
Completed 200 OK in 305ms (Views: 11.5ms | ActiveRecord: 0.0ms)


Started GET "/" for 127.0.0.1 at 2018-11-09 10:00:55 +0100
Processing by MoviesController#index as HTML
  Rendering movies/index.html.erb within layouts/application
  Rendered movies/index.html.erb within layouts/application (0.8ms)
Completed 200 OK in 156ms (Views: 151.3ms | ActiveRecord: 0.0ms)


Started GET "/" for 127.0.0.1 at 2018-11-09 10:07:52 +0100
Processing by MoviesController#index as HTML
  Rendering movies/index.html.erb within layouts/application
  Rendered movies/index.html.erb within layouts/application (0.7ms)
Completed 200 OK in 154ms (Views: 149.3ms | ActiveRecord: 0.0ms)


Started POST "/" for 127.0.0.1 at 2018-11-09 10:07:55 +0100
Processing by MoviesController#search as HTML
  Parameters: {"movie"=>"asdf", "authenticity_token"=>"iTf6YGLaL00LePMCIQrd/rkr01cY7nCtAYL8Samp4qTFAuhNvlbdr1gllanoJxcee9MXMjyhLDSrvUxKGv4Pyg=="}
Completed 500 Internal Server Error in 257ms (ActiveRecord: 0.0ms)


  
NoMethodError (undefined method `[]' for nil:NilClass):
  
app/services/search_movie.rb:10:in `search'
app/controllers/movies_controller.rb:7:in `search'
Started GET "/" for 127.0.0.1 at 2018-11-09 10:09:58 +0100
Processing by MoviesController#index as HTML
  Rendering movies/index.html.erb within layouts/application
  Rendered movies/index.html.erb within layouts/application (0.3ms)
Completed 200 OK in 10ms (Views: 9.3ms | ActiveRecord: 0.0ms)


Started POST "/" for 127.0.0.1 at 2018-11-09 10:10:13 +0100
Processing by MoviesController#search as HTML
  Parameters: {"movie"=>"batman", "authenticity_token"=>"OfTtjONGibh681QifoLoTK63MhQfJmcW/yZsT/a/HlJ1wf+hP8p7WimuMom3ryKsbE/2cTtpO49VGdxMRejzPA=="}
  Rendering movies/search.html.erb within layouts/application
  Rendered movies/search.html.erb within layouts/application (0.6ms)
Completed 200 OK in 5037ms (Views: 22.4ms | ActiveRecord: 0.0ms)


